2024-05-23 13:21:18,771 INFO Initial SOL price fetched
2024-05-23 13:21:18,771 INFO Initial SOL Price: 170.24
2024-05-23 13:21:18,771 INFO Initial Total USD (before rounding): 2702.4
2024-05-23 13:21:18,771 INFO Initial Total USD (after rounding): 2702.4
2024-05-23 13:22:16,262 INFO Initial SOL price fetched
2024-05-23 13:22:16,262 INFO Initial SOL Price: 170.48
2024-05-23 13:22:16,262 INFO Initial Total USD (before rounding): 2704.8
2024-05-23 13:22:16,262 INFO Initial Total USD (after rounding): 2704.8
2024-05-23 13:22:54,184 INFO Initial SOL price fetched
2024-05-23 13:22:54,184 INFO Initial SOL Price: 170.48
2024-05-23 13:22:54,184 INFO Initial Total USD (before rounding): 2704.8
2024-05-23 13:22:54,184 INFO Initial Total USD (after rounding): 2704.8
2024-05-23 13:24:40,898 INFO Initial SOL price fetched
2024-05-23 13:24:40,898 INFO Initial SOL Price: 170.87
2024-05-23 13:24:40,898 INFO Initial Total USD (before rounding): 2708.7
2024-05-23 13:24:40,898 INFO Initial Total USD (after rounding): 2708.7
2024-05-23 13:26:03,948 INFO Initial SOL price fetched
2024-05-23 13:26:03,948 INFO Initial SOL Price: 171.33
2024-05-23 13:26:03,948 INFO Initial Total USD (before rounding): 2713.3
2024-05-23 13:26:03,948 INFO Initial Total USD (after rounding): 2713.3
2024-05-23 13:26:41,893 INFO Initial SOL price fetched
2024-05-23 13:26:41,894 INFO Initial SOL Price: 171.46
2024-05-23 13:26:41,894 INFO Initial Total USD (before rounding): 2714.6000000000004
2024-05-23 13:26:41,894 INFO Initial Total USD (after rounding): 2714.6
2024-05-23 13:29:03,462 INFO Initial SOL price fetched
2024-05-23 13:29:03,462 INFO Initial SOL Price: 171.4
2024-05-23 13:29:03,462 INFO Initial Total USD (before rounding): 2714.0
2024-05-23 13:29:03,462 INFO Initial Total USD (after rounding): 2714.0
2024-05-23 13:30:25,717 INFO Initial SOL price fetched
2024-05-23 13:30:25,717 INFO Initial SOL Price: 171.03
2024-05-23 13:30:25,717 INFO Initial Total USD (before rounding): 2710.3
2024-05-23 13:30:25,717 INFO Initial Total USD (after rounding): 2710.3
2024-05-23 13:31:21,877 INFO Initial SOL price fetched
2024-05-23 13:31:21,877 INFO Initial SOL Price: 170.74
2024-05-23 13:31:21,878 INFO Initial Total USD (before rounding): 2707.4
2024-05-23 13:31:21,878 INFO Initial Total USD (after rounding): 2707.4
2024-05-23 13:33:41,256 INFO Initial SOL price fetched
2024-05-23 13:33:41,256 INFO Initial SOL Price: 171.0
2024-05-23 13:33:41,256 INFO Initial Total USD (before rounding): 2710.0
2024-05-23 13:33:41,256 INFO Initial Total USD (after rounding): 2710.0
2024-05-23 13:34:16,798 INFO Initial SOL price fetched
2024-05-23 13:34:16,798 INFO Initial SOL Price: 171.02
2024-05-23 13:34:16,798 INFO Initial Total USD (before rounding): 2710.2
2024-05-23 13:34:16,798 INFO Initial Total USD (after rounding): 2710.2
2024-05-23 13:35:05,466 INFO Initial SOL price fetched
2024-05-23 13:35:05,466 INFO Initial SOL Price: 171.51
2024-05-23 13:35:05,466 INFO Initial Total USD (before rounding): 2715.1
2024-05-23 13:35:05,466 INFO Initial Total USD (after rounding): 2715.1
2024-05-23 13:36:13,450 INFO Initial SOL price fetched
2024-05-23 13:36:13,450 INFO Initial SOL Price: 171.77
2024-05-23 13:36:13,450 INFO Initial Total USD (before rounding): 2717.7
2024-05-23 13:36:13,450 INFO Initial Total USD (after rounding): 2717.7
2024-05-23 13:37:51,909 INFO Initial SOL price fetched
2024-05-23 13:37:51,909 INFO Initial SOL Price: 171.4
2024-05-23 13:37:51,909 INFO Initial Total USD (before rounding): 2714.0
2024-05-23 13:37:51,909 INFO Initial Total USD (after rounding): 2714.0
2024-05-23 13:38:24,184 INFO Initial SOL price fetched
2024-05-23 13:38:24,184 INFO Initial SOL Price: 171.37
2024-05-23 13:38:24,184 INFO Initial Total USD (before rounding): 2713.7
2024-05-23 13:38:24,184 INFO Initial Total USD (after rounding): 2713.7
2024-05-23 13:39:16,983 INFO Initial SOL price fetched
2024-05-23 13:39:16,983 INFO Initial SOL Price: 171.08
2024-05-23 13:39:16,983 INFO Initial Total USD (before rounding): 2710.8
2024-05-23 13:39:16,983 INFO Initial Total USD (after rounding): 2710.8
2024-05-23 13:39:42,014 INFO Initial SOL price fetched
2024-05-23 13:39:42,014 INFO Initial SOL Price: 171.31
2024-05-23 13:39:42,014 INFO Initial Total USD (before rounding): 2713.1
2024-05-23 13:39:42,014 INFO Initial Total USD (after rounding): 2713.1
2024-05-23 13:40:53,749 INFO Initial SOL price fetched
2024-05-23 13:40:53,749 INFO Initial SOL Price: 171.34
2024-05-23 13:40:53,751 INFO Initial Total USD (before rounding): 2713.4
2024-05-23 13:40:53,751 INFO Initial Total USD (after rounding): 2713.4
2024-05-23 13:41:38,298 INFO Initial SOL price fetched
2024-05-23 13:41:38,298 INFO Initial SOL Price: 171.43
2024-05-23 13:41:38,299 INFO Initial Total USD (before rounding): 2714.3
2024-05-23 13:41:38,299 INFO Initial Total USD (after rounding): 2714.3
2024-05-23 13:43:44,594 INFO Initial SOL price fetched
2024-05-23 13:43:44,594 INFO Initial SOL Price: 171.14
2024-05-23 13:43:44,594 INFO Initial Total USD (before rounding): 2711.3999999999996
2024-05-23 13:43:44,594 INFO Initial Total USD (after rounding): 2711.4
2024-05-23 13:43:45,128 DEBUG Top of the main loop
2024-05-23 13:43:50,126 DEBUG After sleep in the main loop
2024-05-23 13:43:50,221 INFO Waiting for price data and indicators...
2024-05-23 13:43:50,222 DEBUG Top of the main loop
2024-05-23 13:43:55,235 DEBUG After sleep in the main loop
2024-05-23 13:43:55,339 INFO Waiting for price data and indicators...
2024-05-23 13:43:55,340 DEBUG Top of the main loop
2024-05-23 13:44:00,355 DEBUG After sleep in the main loop
2024-05-23 13:44:00,477 INFO Waiting for price data and indicators...
2024-05-23 13:44:00,478 DEBUG Top of the main loop
2024-05-23 13:44:05,484 DEBUG After sleep in the main loop
2024-05-23 13:44:05,586 INFO Waiting for price data and indicators...
2024-05-23 13:44:05,587 DEBUG Top of the main loop
2024-05-23 13:44:10,584 DEBUG After sleep in the main loop
2024-05-23 13:44:10,673 INFO Waiting for price data and indicators...
2024-05-23 13:44:10,674 DEBUG Top of the main loop
2024-05-23 13:45:07,028 INFO Initial SOL price fetched
2024-05-23 13:45:07,028 INFO Initial SOL Price: 171.39
2024-05-23 13:45:07,028 INFO Initial Total USD (before rounding): 2713.8999999999996
2024-05-23 13:45:07,028 INFO Initial Total USD (after rounding): 2713.9
2024-05-23 13:45:07,499 DEBUG Top of the main loop
2024-05-23 13:47:02,623 INFO Initial SOL price fetched
2024-05-23 13:47:02,623 INFO Initial SOL Price: 171.11
2024-05-23 13:47:02,623 INFO Initial Total USD (before rounding): 2711.1000000000004
2024-05-23 13:47:02,623 INFO Initial Total USD (after rounding): 2711.1
2024-05-23 13:47:03,190 DEBUG Top of the main loop
2024-05-23 13:51:08,200 INFO Initial SOL price fetched
2024-05-23 13:51:08,200 INFO Initial SOL Price: 171.67
2024-05-23 13:51:08,200 INFO Initial Total USD (before rounding): 2716.7
2024-05-23 13:51:08,200 INFO Initial Total USD (after rounding): 2716.7
2024-05-23 13:51:08,645 DEBUG Top of the main loop
2024-05-23 13:51:13,649 DEBUG After sleep in the main loop
2024-05-23 13:51:13,746 INFO Waiting for price data and indicators...
2024-05-23 13:51:13,747 DEBUG Top of the main loop
2024-05-23 13:52:18,059 INFO Initial SOL price fetched
2024-05-23 13:52:18,059 INFO Initial SOL Price: 171.44
2024-05-23 13:52:18,059 INFO Initial Total USD (before rounding): 2714.4
2024-05-23 13:52:18,059 INFO Initial Total USD (after rounding): 2714.4
2024-05-23 13:52:18,537 DEBUG Top of the main loop
2024-05-23 13:52:59,522 INFO Initial SOL price fetched
2024-05-23 13:52:59,522 INFO Initial SOL Price: 171.42
2024-05-23 13:52:59,522 INFO Initial Total USD (before rounding): 2714.2
2024-05-23 13:52:59,522 INFO Initial Total USD (after rounding): 2714.2
2024-05-23 13:52:59,616 DEBUG Top of the main loop
2024-05-23 13:53:04,624 DEBUG After sleep in the main loop
2024-05-23 13:53:04,714 INFO Waiting for price data and indicators...
2024-05-23 13:53:04,715 DEBUG Top of the main loop
2024-05-23 13:56:20,256 INFO Initial SOL price fetched
2024-05-23 13:56:20,256 INFO Initial SOL Price: 172.03
2024-05-23 13:56:20,256 INFO Initial Total USD (before rounding): 2720.3
2024-05-23 13:56:20,256 INFO Initial Total USD (after rounding): 2720.3
2024-05-23 13:56:20,770 DEBUG Top of the main loop
2024-05-23 13:56:35,623 INFO Initial SOL price fetched
2024-05-23 13:56:35,623 INFO Initial SOL Price: 172.2
2024-05-23 13:56:35,623 INFO Initial Total USD (before rounding): 2722.0
2024-05-23 13:56:35,623 INFO Initial Total USD (after rounding): 2722.0
2024-05-23 13:56:35,724 DEBUG Top of the main loop
2024-05-23 13:56:40,744 DEBUG After sleep in the main loop
2024-05-23 13:56:40,911 INFO Waiting for price data and indicators...
2024-05-23 13:56:40,912 DEBUG Top of the main loop
2024-05-23 13:56:45,921 DEBUG After sleep in the main loop
2024-05-23 13:56:46,169 INFO Waiting for price data and indicators...
2024-05-23 13:56:46,169 DEBUG Top of the main loop
2024-05-23 14:01:04,294 INFO Initial SOL price fetched
2024-05-23 14:01:04,294 INFO Initial SOL Price: 172.49
2024-05-23 14:01:04,294 INFO Initial Total USD (before rounding): 2724.9
2024-05-23 14:01:04,295 INFO Initial Total USD (after rounding): 2724.9
2024-05-23 14:01:04,881 DEBUG Top of the main loop
2024-05-23 14:01:09,883 DEBUG After sleep in the main loop
2024-05-23 14:01:10,017 INFO Waiting for price data and indicators...
2024-05-23 14:01:10,017 DEBUG Top of the main loop
2024-05-23 14:01:15,029 DEBUG After sleep in the main loop
2024-05-23 14:01:15,134 INFO Waiting for price data and indicators...
2024-05-23 14:01:15,135 DEBUG Top of the main loop
2024-05-23 14:01:20,127 DEBUG After sleep in the main loop
2024-05-23 14:01:20,230 INFO Waiting for price data and indicators...
2024-05-23 14:01:20,232 DEBUG Top of the main loop
2024-05-23 14:01:25,246 DEBUG After sleep in the main loop
2024-05-23 14:01:25,425 INFO Waiting for price data and indicators...
2024-05-23 14:01:25,427 DEBUG Top of the main loop
2024-05-23 14:01:30,430 DEBUG After sleep in the main loop
2024-05-23 14:01:30,518 INFO Waiting for price data and indicators...
2024-05-23 14:01:30,519 DEBUG Top of the main loop
2024-05-23 14:01:35,535 DEBUG After sleep in the main loop
2024-05-23 14:01:35,638 INFO Waiting for price data and indicators...
2024-05-23 14:01:35,639 DEBUG Top of the main loop
2024-05-23 14:01:40,646 DEBUG After sleep in the main loop
2024-05-23 14:01:40,744 INFO Waiting for price data and indicators...
2024-05-23 14:01:40,745 DEBUG Top of the main loop
2024-05-23 14:01:45,760 DEBUG After sleep in the main loop
2024-05-23 14:01:45,876 INFO Waiting for price data and indicators...
2024-05-23 14:01:45,877 DEBUG Top of the main loop
2024-05-23 14:01:50,887 DEBUG After sleep in the main loop
2024-05-23 14:01:50,983 INFO Waiting for price data and indicators...
2024-05-23 14:01:50,985 DEBUG Top of the main loop
2024-05-23 14:01:56,007 DEBUG After sleep in the main loop
2024-05-23 14:01:56,111 INFO Waiting for price data and indicators...
2024-05-23 14:01:56,113 DEBUG Top of the main loop
2024-05-23 14:02:01,122 DEBUG After sleep in the main loop
2024-05-23 14:02:01,459 INFO Waiting for price data and indicators...
2024-05-23 14:02:01,460 DEBUG Top of the main loop
2024-05-23 14:02:06,477 DEBUG After sleep in the main loop
2024-05-23 14:02:06,845 INFO Waiting for price data and indicators...
2024-05-23 14:02:06,846 DEBUG Top of the main loop
2024-05-23 14:02:11,853 DEBUG After sleep in the main loop
2024-05-23 14:02:12,033 INFO Waiting for price data and indicators...
2024-05-23 14:02:12,034 DEBUG Top of the main loop
2024-05-23 14:02:14,312 INFO Initial SOL price fetched
2024-05-23 14:02:14,312 INFO Initial SOL Price: 171.85
2024-05-23 14:02:14,312 INFO Initial Total USD (before rounding): 2718.5
2024-05-23 14:02:14,312 INFO Initial Total USD (after rounding): 2718.5
2024-05-23 14:02:14,405 DEBUG Top of the main loop
2024-05-23 14:02:19,424 DEBUG After sleep in the main loop
2024-05-23 14:02:19,560 INFO Waiting for price data and indicators...
2024-05-23 14:02:19,561 DEBUG Top of the main loop
2024-05-23 14:02:24,564 DEBUG After sleep in the main loop
2024-05-23 14:02:24,687 INFO Waiting for price data and indicators...
2024-05-23 14:02:24,688 DEBUG Top of the main loop
2024-05-23 14:02:29,692 DEBUG After sleep in the main loop
2024-05-23 14:02:29,812 INFO Waiting for price data and indicators...
2024-05-23 14:02:29,812 DEBUG Top of the main loop
2024-05-23 14:02:34,820 DEBUG After sleep in the main loop
2024-05-23 14:02:34,943 INFO Waiting for price data and indicators...
2024-05-23 14:02:34,945 DEBUG Top of the main loop
2024-05-23 14:02:39,950 DEBUG After sleep in the main loop
2024-05-23 14:02:40,051 INFO Waiting for price data and indicators...
2024-05-23 14:02:40,052 DEBUG Top of the main loop
2024-05-23 14:02:45,045 DEBUG After sleep in the main loop
2024-05-23 14:02:45,159 INFO Waiting for price data and indicators...
2024-05-23 14:02:45,159 DEBUG Top of the main loop
2024-05-23 14:02:50,170 DEBUG After sleep in the main loop
2024-05-23 14:02:50,274 INFO Waiting for price data and indicators...
2024-05-23 14:02:50,276 DEBUG Top of the main loop
2024-05-23 14:02:55,286 DEBUG After sleep in the main loop
2024-05-23 14:02:55,404 INFO Waiting for price data and indicators...
2024-05-23 14:02:55,405 DEBUG Top of the main loop
2024-05-23 14:03:00,418 DEBUG After sleep in the main loop
2024-05-23 14:03:00,536 INFO Waiting for price data and indicators...
2024-05-23 14:03:00,537 DEBUG Top of the main loop
2024-05-23 14:03:05,536 DEBUG After sleep in the main loop
2024-05-23 14:03:06,032 INFO Waiting for price data and indicators...
2024-05-23 14:03:06,033 DEBUG Top of the main loop
2024-05-23 14:03:11,046 DEBUG After sleep in the main loop
2024-05-23 14:03:11,161 INFO Waiting for price data and indicators...
2024-05-23 14:03:11,162 DEBUG Top of the main loop
2024-05-23 14:03:16,171 DEBUG After sleep in the main loop
2024-05-23 14:03:16,284 INFO Waiting for price data and indicators...
2024-05-23 14:03:16,284 DEBUG Top of the main loop
2024-05-23 14:03:21,305 DEBUG After sleep in the main loop
2024-05-23 14:03:21,398 INFO Waiting for price data and indicators...
2024-05-23 14:03:21,399 DEBUG Top of the main loop
2024-05-23 14:03:26,414 DEBUG After sleep in the main loop
2024-05-23 14:03:26,509 INFO Waiting for price data and indicators...
2024-05-23 14:03:26,510 DEBUG Top of the main loop
2024-05-23 14:03:31,512 DEBUG After sleep in the main loop
2024-05-23 14:03:31,625 INFO Waiting for price data and indicators...
2024-05-23 14:03:31,625 DEBUG Top of the main loop
2024-05-23 14:03:36,637 DEBUG After sleep in the main loop
2024-05-23 14:03:36,750 INFO Waiting for price data and indicators...
2024-05-23 14:03:36,751 DEBUG Top of the main loop
2024-05-23 14:04:24,446 INFO Initial SOL price fetched
2024-05-23 14:04:24,446 INFO Initial SOL Price: 173.74
2024-05-23 14:04:24,446 INFO Initial Total USD (before rounding): 2737.4
2024-05-23 14:04:24,446 INFO Initial Total USD (after rounding): 2737.4
2024-05-23 14:04:24,925 ERROR Error in main: start_websocket() got an unexpected keyword argument 'balance'
2024-05-23 14:04:29,212 INFO Initial SOL price fetched
2024-05-23 14:04:29,212 INFO Initial SOL Price: 173.78
2024-05-23 14:04:29,212 INFO Initial Total USD (before rounding): 2737.8
2024-05-23 14:04:29,212 INFO Initial Total USD (after rounding): 2737.8
2024-05-23 14:04:29,325 ERROR Error in main: start_websocket() got an unexpected keyword argument 'balance'
2024-05-23 14:04:43,617 INFO Initial SOL price fetched
2024-05-23 14:04:43,617 INFO Initial SOL Price: 173.4
2024-05-23 14:04:43,617 INFO Initial Total USD (before rounding): 2734.0
2024-05-23 14:04:43,617 INFO Initial Total USD (after rounding): 2734.0
2024-05-23 14:04:43,709 ERROR Error in main: start_websocket() got an unexpected keyword argument 'balance'
2024-05-23 16:31:53,399 ERROR Error in main: name 'CONFIG' is not defined
2024-05-23 16:33:39,103 ERROR Error in main: name 'fetch_and_analyze_historical_data' is not defined
2024-05-23 16:33:41,336 ERROR Error in main: name 'fetch_and_analyze_historical_data' is not defined
2024-05-23 16:33:49,455 ERROR Error in main: name 'fetch_and_analyze_historical_data' is not defined
2024-05-23 16:40:29,183 ERROR Error in main: name 'fetch_initial_sol_price' is not defined
2024-05-23 16:40:53,321 ERROR Error in main: name 'fetch_initial_sol_price' is not defined
2024-05-25 15:33:36,242 ERROR Error in main: handle_trade_with_fees() missing 1 required positional argument: 'initial_sol_price'
2024-05-25 22:02:38,700 ERROR Error in main: handle_trade_with_fees() missing 1 required positional argument: 'initial_sol_price'
2024-05-25 22:08:09,125 ERROR Error in main: handle_trade_with_fees() missing 1 required positional argument: 'initial_sol_price'
2024-05-25 22:29:23,688 ERROR Error in main: name 'fetch_initial_sol_price' is not defined
2024-05-25 22:42:05,713 ERROR Error in main: name 'fetch_initial_sol_price' is not defined
2024-05-25 22:51:12,565 ERROR Error in main: handle_trade_with_fees() takes 9 positional arguments but 10 were given
2024-05-25 22:51:58,489 ERROR Error in main: handle_trade_with_fees() takes 9 positional arguments but 10 were given
