2024-05-25 22:41:04,813 ERROR Error in handle_trade_with_fees: name 'balance' is not defined
2024-05-25 22:41:09,918 INFO Volume too low to execute trade: 0.0
2024-05-25 22:41:15,023 INFO Volume too low to execute trade: 0.0
2024-05-25 22:41:20,111 INFO Volume too low to execute trade: 0.0
2024-05-25 22:41:25,221 INFO Volume too low to execute trade: 0.0
2024-05-25 22:41:30,332 INFO Volume too low to execute trade: 0.0
2024-05-25 22:41:35,495 INFO Volume too low to execute trade: 0.0
2024-05-25 22:41:40,591 INFO Volume too low to execute trade: 0.0
2024-05-25 22:41:45,694 INFO Volume too low to execute trade: 0.0
2024-05-25 22:41:50,798 INFO Volume too low to execute trade: 0.0
2024-05-25 22:41:55,901 INFO Volume too low to execute trade: 0.0
2024-05-25 22:42:01,459 INFO Volume too low to execute trade: 0.0
2024-05-25 22:47:58,228 ERROR Error in handle_trade_with_fees: 'adx'
2024-05-25 22:48:03,236 ERROR Error in handle_trade_with_fees: 'adx'
2024-05-25 22:48:08,243 ERROR Error in handle_trade_with_fees: 'adx'
2024-05-25 22:55:44,168 INFO Volume too low to execute trade: 0.0
2024-05-25 22:55:49,280 INFO Volume too low to execute trade: 0.0
2024-05-25 22:55:54,385 INFO Volume too low to execute trade: 0.0
2024-05-25 22:55:59,481 INFO Volume too low to execute trade: 0.0
2024-05-25 22:56:05,062 INFO Volume too low to execute trade: 0.0
2024-05-25 22:56:10,238 INFO Volume too low to execute trade: 0.0
2024-05-25 22:56:15,353 INFO Volume too low to execute trade: 0.0
2024-05-25 22:56:20,563 INFO Volume too low to execute trade: 0.0
2024-05-25 22:56:25,660 INFO Volume too low to execute trade: 0.0
2024-05-25 22:56:30,778 INFO Volume too low to execute trade: 0.0
2024-05-25 22:56:35,881 INFO Volume too low to execute trade: 0.0
2024-05-25 22:56:40,984 INFO Volume too low to execute trade: 0.0
2024-05-25 22:56:46,074 INFO Volume too low to execute trade: 0.0
2024-05-25 22:56:51,186 INFO Volume too low to execute trade: 0.0
2024-05-25 22:56:56,267 INFO Volume too low to execute trade: 0.0
2024-05-25 22:57:01,763 INFO Volume too low to execute trade: 0.0
2024-05-25 22:57:06,961 INFO Volume too low to execute trade: 0.0
2024-05-25 22:57:12,140 INFO Volume too low to execute trade: 0.0
2024-05-25 22:57:28,352 INFO Volume too low to execute trade: 0.0
2024-05-25 22:57:33,435 INFO Volume too low to execute trade: 0.0
2024-05-25 22:57:38,551 INFO Volume too low to execute trade: 0.0
2024-05-25 22:57:43,671 INFO Volume too low to execute trade: 0.0
2024-05-25 22:57:48,746 INFO Volume too low to execute trade: 0.0
2024-05-25 22:58:09,138 INFO Volume too low to execute trade: 0.0
2024-05-25 22:58:14,226 INFO Volume too low to execute trade: 0.0
2024-05-25 22:58:19,325 INFO Volume too low to execute trade: 0.0
2024-05-25 22:58:24,405 INFO Volume too low to execute trade: 0.0
2024-05-25 22:58:29,587 INFO Volume too low to execute trade: 0.0
2024-05-25 22:58:39,062 INFO Indicators - MACD: (74.01217948716658, 69084.77777777777), (-0.84397435897435, 166.9022222222222) | RSI: 51.49436392302149, 51.56677443422035 | ADX: 3.2732684839538684, 1.2116657373796083 | OBV: 507561.6000000006, -2824.249999999999 | Confidence: 0.30
2024-05-25 22:58:44,167 INFO Indicators - MACD: (74.01217948716658, 69084.77777777777), (-0.84397435897435, 166.9022222222222) | RSI: 51.49436392302149, 51.56677443422035 | ADX: 3.2732684839538684, 1.2116657373796083 | OBV: 507561.6000000006, -2824.249999999999 | Confidence: 0.30
2024-05-25 22:58:44,167 INFO Volume too low to execute trade: 0.0
2024-05-25 22:58:49,318 INFO Indicators - MACD: (74.01217948716658, 69084.77777777777), (-0.84397435897435, 166.9022222222222) | RSI: 51.49436392302149, 51.56677443422035 | ADX: 3.2732684839538684, 1.2116657373796083 | OBV: 507561.6000000006, -2824.249999999999 | Confidence: 0.30
2024-05-25 22:58:49,318 INFO Volume too low to execute trade: 0.0
2024-05-25 22:58:54,480 INFO Indicators - MACD: (74.01217948716658, 69084.77777777777), (-0.84397435897435, 166.9022222222222) | RSI: 51.49436392302149, 51.56677443422035 | ADX: 3.2732684839538684, 1.2116657373796083 | OBV: 507561.6000000006, -2824.249999999999 | Confidence: 0.30
2024-05-25 22:58:54,481 INFO Volume too low to execute trade: 0.0
2024-05-25 22:58:59,569 INFO Indicators - MACD: (74.01217948716658, 69084.77777777777), (-0.84397435897435, 166.9022222222222) | RSI: 51.49436392302149, 51.56677443422035 | ADX: 3.2732684839538684, 1.2116657373796083 | OBV: 507561.6000000006, -2824.249999999999 | Confidence: 0.30
2024-05-25 22:58:59,569 INFO Volume too low to execute trade: 0.0
2024-05-25 22:59:05,108 INFO Indicators - MACD: (74.34871794869832, 69085.6111111111), (-0.8358974358974365, 166.92222222222222) | RSI: 51.496670051765385, 51.578816509199406 | ADX: 3.273648242303664, 1.2137237539340953 | OBV: 507561.9000000006, -2824.239999999999 | Confidence: 0.30
2024-05-25 22:59:05,108 INFO Volume too low to execute trade: 0.0
2024-05-25 22:59:10,201 INFO Indicators - MACD: (74.34871794869832, 69085.6111111111), (-0.8358974358974365, 166.92222222222222) | RSI: 51.496670051765385, 51.578816509199406 | ADX: 3.273648242303664, 1.2137237539340953 | OBV: 507561.9000000006, -2824.239999999999 | Confidence: 0.30
2024-05-25 22:59:10,202 INFO Volume too low to execute trade: 0.0
2024-05-25 22:59:15,339 INFO Indicators - MACD: (74.34871794869832, 69085.6111111111), (-0.8358974358974365, 166.92222222222222) | RSI: 51.496670051765385, 51.578816509199406 | ADX: 3.273648242303664, 1.2137237539340953 | OBV: 507561.9000000006, -2824.239999999999 | Confidence: 0.30
2024-05-25 22:59:15,340 INFO Volume too low to execute trade: 0.0
2024-05-25 22:59:20,452 INFO Indicators - MACD: (74.34871794869832, 69085.6111111111), (-0.8358974358974365, 166.92222222222222) | RSI: 51.496670051765385, 51.578816509199406 | ADX: 3.273648242303664, 1.2137237539340953 | OBV: 507561.9000000006, -2824.239999999999 | Confidence: 0.30
2024-05-25 22:59:20,452 INFO Volume too low to execute trade: 0.0
2024-05-25 22:59:25,546 INFO Indicators - MACD: (74.34871794869832, 69085.6111111111), (-0.8358974358974365, 166.92222222222222) | RSI: 51.496670051765385, 51.578816509199406 | ADX: 3.273648242303664, 1.2137237539340953 | OBV: 507561.9000000006, -2824.239999999999 | Confidence: 0.30
2024-05-25 22:59:25,548 INFO Volume too low to execute trade: 0.0
2024-05-25 22:59:30,650 INFO Indicators - MACD: (74.34871794869832, 69085.6111111111), (-0.8358974358974365, 166.92222222222222) | RSI: 51.496670051765385, 51.578816509199406 | ADX: 3.273648242303664, 1.2137237539340953 | OBV: 507561.9000000006, -2824.239999999999 | Confidence: 0.30
2024-05-25 22:59:30,650 INFO Volume too low to execute trade: 0.0
2024-05-25 22:59:35,757 INFO Indicators - MACD: (74.34871794869832, 69085.6111111111), (-0.8358974358974365, 166.92222222222222) | RSI: 51.496670051765385, 51.578816509199406 | ADX: 3.273648242303664, 1.2137237539340953 | OBV: 507561.9000000006, -2824.239999999999 | Confidence: 0.30
2024-05-25 22:59:35,757 INFO Volume too low to execute trade: 0.0
2024-05-25 22:59:40,847 INFO Indicators - MACD: (74.34871794869832, 69085.6111111111), (-0.8358974358974365, 166.92222222222222) | RSI: 51.496670051765385, 51.578816509199406 | ADX: 3.273648242303664, 1.2137237539340953 | OBV: 507561.9000000006, -2824.239999999999 | Confidence: 0.30
2024-05-25 22:59:40,847 INFO Volume too low to execute trade: 0.0
2024-05-25 22:59:45,969 INFO Indicators - MACD: (74.34871794869832, 69085.6111111111), (-0.8358974358974365, 166.92222222222222) | RSI: 51.496670051765385, 51.578816509199406 | ADX: 3.273648242303664, 1.2137237539340953 | OBV: 507561.9000000006, -2824.239999999999 | Confidence: 0.30
2024-05-25 22:59:45,969 INFO Volume too low to execute trade: 0.0
2024-05-25 22:59:51,167 INFO Indicators - MACD: (74.34871794869832, 69085.6111111111), (-0.8358974358974365, 166.92222222222222) | RSI: 51.496670051765385, 51.578816509199406 | ADX: 3.273648242303664, 1.2137237539340953 | OBV: 507561.9000000006, -2824.239999999999 | Confidence: 0.30
2024-05-25 22:59:51,167 INFO Volume too low to execute trade: 0.0
2024-05-25 22:59:56,271 INFO Indicators - MACD: (74.34871794869832, 69085.6111111111), (-0.8358974358974365, 166.92222222222222) | RSI: 51.496670051765385, 51.578816509199406 | ADX: 3.273648242303664, 1.2137237539340953 | OBV: 507561.9000000006, -2824.239999999999 | Confidence: 0.30
2024-05-25 22:59:56,271 INFO Volume too low to execute trade: 0.0
2024-05-25 23:00:01,860 INFO Indicators - MACD: (54.23846153845079, 69086.52222222222), (-0.7737179487179731, 166.8322222222222) | RSI: 51.52312563265369, 51.60519078483672 | ADX: 3.2838869800376735, 1.2825639055313638 | OBV: 571886.4, -2681.169999999999 | Confidence: 0.30
2024-05-25 23:00:01,860 INFO Volume too low to execute trade: 0.0
2024-05-25 23:00:06,948 INFO Indicators - MACD: (54.23846153845079, 69086.52222222222), (-0.7737179487179731, 166.8322222222222) | RSI: 51.52312563265369, 51.60519078483672 | ADX: 3.2838869800376735, 1.2825639055313638 | OBV: 571886.4, -2681.169999999999 | Confidence: 0.30
2024-05-25 23:00:06,948 INFO Volume too low to execute trade: 0.0
2024-05-25 23:00:12,042 INFO Indicators - MACD: (54.23846153845079, 69086.52222222222), (-0.7737179487179731, 166.8322222222222) | RSI: 51.52312563265369, 51.60519078483672 | ADX: 3.2838869800376735, 1.2825639055313638 | OBV: 571886.4, -2681.169999999999 | Confidence: 0.30
2024-05-25 23:00:12,043 INFO Volume too low to execute trade: 0.0
2024-05-25 23:00:17,150 INFO Indicators - MACD: (54.23846153845079, 69086.52222222222), (-0.7737179487179731, 166.8322222222222) | RSI: 51.52312563265369, 51.60519078483672 | ADX: 3.2838869800376735, 1.2825639055313638 | OBV: 571886.4, -2681.169999999999 | Confidence: 0.30
2024-05-25 23:00:17,150 INFO Volume too low to execute trade: 0.0
2024-05-25 23:00:22,246 INFO Indicators - MACD: (54.23846153845079, 69086.52222222222), (-0.7737179487179731, 166.8322222222222) | RSI: 51.52312563265369, 51.60519078483672 | ADX: 3.2838869800376735, 1.2825639055313638 | OBV: 571886.4, -2681.169999999999 | Confidence: 0.30
2024-05-25 23:00:22,246 INFO Volume too low to execute trade: 0.0
2024-05-25 23:00:27,350 INFO Indicators - MACD: (54.23846153845079, 69086.52222222222), (-0.7737179487179731, 166.8322222222222) | RSI: 51.52312563265369, 51.60519078483672 | ADX: 3.2838869800376735, 1.2825639055313638 | OBV: 571886.4, -2681.169999999999 | Confidence: 0.30
2024-05-25 23:00:27,350 INFO Volume too low to execute trade: 0.0
2024-05-25 23:00:38,325 INFO Indicators - MACD: (54.23846153845079, 69086.52222222222), (-0.7737179487179731, 166.8322222222222) | RSI: 51.52312563265369, 51.60519078483672 | ADX: 3.2838869800376735, 1.2825639055313638 | OBV: 571886.4, -2681.169999999999 | Confidence: 0.30
2024-05-25 23:00:43,436 INFO Indicators - MACD: (54.23846153845079, 69086.52222222222), (-0.7737179487179731, 166.8322222222222) | RSI: 51.52312563265369, 51.60519078483672 | ADX: 3.2838869800376735, 1.2825639055313638 | OBV: 571886.4, -2681.169999999999 | Confidence: 0.30
2024-05-25 23:00:48,552 INFO Indicators - MACD: (54.23846153845079, 69086.52222222222), (-0.7737179487179731, 166.8322222222222) | RSI: 51.52312563265369, 51.60519078483672 | ADX: 3.2838869800376735, 1.2825639055313638 | OBV: 571886.4, -2681.169999999999 | Confidence: 0.30
2024-05-25 23:00:53,655 INFO Indicators - MACD: (54.23846153845079, 69086.52222222222), (-0.7737179487179731, 166.8322222222222) | RSI: 51.52312563265369, 51.60519078483672 | ADX: 3.2838869800376735, 1.2825639055313638 | OBV: 571886.4, -2681.169999999999 | Confidence: 0.30
2024-05-25 23:00:58,741 INFO Indicators - MACD: (54.23846153845079, 69086.52222222222), (-0.7737179487179731, 166.8322222222222) | RSI: 51.52312563265369, 51.60519078483672 | ADX: 3.2838869800376735, 1.2825639055313638 | OBV: 571886.4, -2681.169999999999 | Confidence: 0.30
2024-05-25 23:01:04,205 INFO Indicators - MACD: (55.0910256410134, 69088.63333333333), (-0.7737179487179731, 166.8322222222222) | RSI: 51.528966656985105, 51.60519078483672 | ADX: 3.2848488474407658, 1.2825639055313638 | OBV: 640996.5, -2681.169999999999 | Confidence: 0.30
2024-05-25 23:01:09,337 INFO Indicators - MACD: (55.0910256410134, 69088.63333333333), (-0.7737179487179731, 166.8322222222222) | RSI: 51.528966656985105, 51.60519078483672 | ADX: 3.2848488474407658, 1.2825639055313638 | OBV: 640996.5, -2681.169999999999 | Confidence: 0.30
2024-05-25 23:01:14,438 INFO Indicators - MACD: (55.0910256410134, 69088.63333333333), (-0.7737179487179731, 166.8322222222222) | RSI: 51.528966656985105, 51.60519078483672 | ADX: 3.2848488474407658, 1.2825639055313638 | OBV: 640996.5, -2681.169999999999 | Confidence: 0.30
2024-05-25 23:01:19,523 INFO Indicators - MACD: (55.0910256410134, 69088.63333333333), (-0.7737179487179731, 166.8322222222222) | RSI: 51.528966656985105, 51.60519078483672 | ADX: 3.2848488474407658, 1.2825639055313638 | OBV: 640996.5, -2681.169999999999 | Confidence: 0.30
2024-05-25 23:01:24,618 INFO Indicators - MACD: (55.0910256410134, 69088.63333333333), (-0.7737179487179731, 166.8322222222222) | RSI: 51.528966656985105, 51.60519078483672 | ADX: 3.2848488474407658, 1.2825639055313638 | OBV: 640996.5, -2681.169999999999 | Confidence: 0.30
2024-05-25 23:01:24,618 INFO Volume too low to execute trade: 0.0
2024-05-25 23:01:29,846 INFO Indicators - MACD: (55.0910256410134, 69088.63333333333), (-0.7737179487179731, 166.8322222222222) | RSI: 51.528966656985105, 51.60519078483672 | ADX: 3.2848488474407658, 1.2825639055313638 | OBV: 640996.5, -2681.169999999999 | Confidence: 0.30
2024-05-25 23:01:29,846 INFO Volume too low to execute trade: 0.0
2024-05-25 23:01:34,936 INFO Indicators - MACD: (55.0910256410134, 69088.63333333333), (-0.7737179487179731, 166.8322222222222) | RSI: 51.528966656985105, 51.60519078483672 | ADX: 3.2848488474407658, 1.2825639055313638 | OBV: 640996.5, -2681.169999999999 | Confidence: 0.30
2024-05-25 23:01:34,936 INFO Volume too low to execute trade: 0.0
2024-05-25 23:01:40,090 INFO Indicators - MACD: (55.0910256410134, 69088.63333333333), (-0.7737179487179731, 166.8322222222222) | RSI: 51.528966656985105, 51.60519078483672 | ADX: 3.2848488474407658, 1.2825639055313638 | OBV: 640996.5, -2681.169999999999 | Confidence: 0.30
2024-05-25 23:01:40,090 INFO Volume too low to execute trade: 0.0
2024-05-25 23:01:45,185 INFO Indicators - MACD: (55.0910256410134, 69088.63333333333), (-0.7737179487179731, 166.8322222222222) | RSI: 51.528966656985105, 51.60519078483672 | ADX: 3.2848488474407658, 1.2825639055313638 | OBV: 640996.5, -2681.169999999999 | Confidence: 0.30
2024-05-25 23:01:45,185 INFO Volume too low to execute trade: 0.0
2024-05-25 23:01:50,266 INFO Indicators - MACD: (55.0910256410134, 69088.63333333333), (-0.7737179487179731, 166.8322222222222) | RSI: 51.528966656985105, 51.60519078483672 | ADX: 3.2848488474407658, 1.2825639055313638 | OBV: 640996.5, -2681.169999999999 | Confidence: 0.30
2024-05-25 23:01:50,266 INFO Volume too low to execute trade: 0.0
2024-05-25 23:01:55,362 INFO Indicators - MACD: (55.0910256410134, 69088.63333333333), (-0.7737179487179731, 166.8322222222222) | RSI: 51.528966656985105, 51.60519078483672 | ADX: 3.2848488474407658, 1.2825639055313638 | OBV: 640996.5, -2681.169999999999 | Confidence: 0.30
2024-05-25 23:01:55,363 INFO Volume too low to execute trade: 0.0
2024-05-25 23:02:00,713 INFO Indicators - MACD: (55.0910256410134, 69088.63333333333), (-0.7737179487179731, 166.8322222222222) | RSI: 51.528966656985105, 51.60519078483672 | ADX: 3.2848488474407658, 1.2825639055313638 | OBV: 640996.5, -2681.169999999999 | Confidence: 0.30
2024-05-25 23:02:00,714 INFO Volume too low to execute trade: 0.0
2024-05-25 23:02:05,993 INFO Indicators - MACD: (55.0910256410134, 69088.63333333333), (-0.7737179487179731, 166.8322222222222) | RSI: 51.528966656985105, 51.60519078483672 | ADX: 3.2848488474407658, 1.2825639055313638 | OBV: 640996.5, -2681.169999999999 | Confidence: 0.30
2024-05-25 23:02:05,993 INFO Volume too low to execute trade: 0.0
2024-05-25 23:02:11,071 INFO Indicators - MACD: (55.0910256410134, 69088.63333333333), (-0.7737179487179731, 166.8322222222222) | RSI: 51.528966656985105, 51.60519078483672 | ADX: 3.2848488474407658, 1.2825639055313638 | OBV: 640996.5, -2681.169999999999 | Confidence: 0.30
2024-05-25 23:02:11,072 INFO Volume too low to execute trade: 0.0
2024-05-25 23:02:16,189 INFO Indicators - MACD: (55.0910256410134, 69088.63333333333), (-0.7737179487179731, 166.8322222222222) | RSI: 51.528966656985105, 51.60519078483672 | ADX: 3.2848488474407658, 1.2825639055313638 | OBV: 640996.5, -2681.169999999999 | Confidence: 0.30
2024-05-25 23:02:16,190 INFO Volume too low to execute trade: 0.0
2024-05-25 23:02:24,947 INFO Indicators - MACD: (55.0910256410134, 69088.63333333333), (-0.7737179487179731, 166.8322222222222) | RSI: 51.528966656985105, 51.60519078483672 | ADX: 3.2848488474407658, 1.2825639055313638 | OBV: 640996.5, -2681.169999999999 | Confidence: 0.30
2024-05-25 23:02:30,074 INFO Indicators - MACD: (55.0910256410134, 69088.63333333333), (-0.7737179487179731, 166.8322222222222) | RSI: 51.528966656985105, 51.60519078483672 | ADX: 3.2848488474407658, 1.2825639055313638 | OBV: 640996.5, -2681.169999999999 | Confidence: 0.30
2024-05-25 23:02:35,180 INFO Indicators - MACD: (55.0910256410134, 69088.63333333333), (-0.7737179487179731, 166.8322222222222) | RSI: 51.528966656985105, 51.60519078483672 | ADX: 3.2848488474407658, 1.2825639055313638 | OBV: 640996.5, -2681.169999999999 | Confidence: 0.30
2024-05-25 23:02:35,182 INFO 2024-05-25 23:02:35 Volume too low to execute trade: 0.0. Transaction did not go through.
2024-05-25 23:02:40,293 INFO Indicators - MACD: (55.0910256410134, 69088.63333333333), (-0.7737179487179731, 166.8322222222222) | RSI: 51.528966656985105, 51.60519078483672 | ADX: 3.2848488474407658, 1.2825639055313638 | OBV: 640996.5, -2681.169999999999 | Confidence: 0.30
2024-05-25 23:02:40,294 INFO 2024-05-25 23:02:40 Volume too low to execute trade: 0.0. Transaction did not go through.
2024-05-25 23:02:45,388 INFO Indicators - MACD: (55.0910256410134, 69088.63333333333), (-0.7737179487179731, 166.8322222222222) | RSI: 51.528966656985105, 51.60519078483672 | ADX: 3.2848488474407658, 1.2825639055313638 | OBV: 640996.5, -2681.169999999999 | Confidence: 0.30
2024-05-25 23:02:45,389 INFO 2024-05-25 23:02:45 Volume too low to execute trade: 0.0. Transaction did not go through.
2024-05-25 23:02:50,470 INFO Indicators - MACD: (55.0910256410134, 69088.63333333333), (-0.7737179487179731, 166.8322222222222) | RSI: 51.528966656985105, 51.60519078483672 | ADX: 3.2848488474407658, 1.2825639055313638 | OBV: 640996.5, -2681.169999999999 | Confidence: 0.30
2024-05-25 23:02:50,470 INFO 2024-05-25 23:02:50 Volume too low to execute trade: 0.0. Transaction did not go through.
2024-05-25 23:02:55,620 INFO Indicators - MACD: (55.0910256410134, 69088.63333333333), (-0.7737179487179731, 166.8322222222222) | RSI: 51.528966656985105, 51.60519078483672 | ADX: 3.2848488474407658, 1.2825639055313638 | OBV: 640996.5, -2681.169999999999 | Confidence: 0.30
2024-05-25 23:02:55,620 INFO 2024-05-25 23:02:55 Volume too low to execute trade: 0.0. Transaction did not go through.
2024-05-25 23:03:00,946 INFO Indicators - MACD: (55.27051282049797, 69089.07777777777), (-0.7737179487179731, 166.8322222222222) | RSI: 51.53019616696324, 51.60519078483672 | ADX: 3.285051311665073, 1.2825639055313638 | OBV: 640997.9, -2681.169999999999 | Confidence: 0.30
2024-05-25 23:03:00,946 INFO 2024-05-25 23:03:00 Volume too low to execute trade: 0.0. Transaction did not go through.
2024-05-25 23:03:06,199 INFO Indicators - MACD: (55.27051282049797, 69089.07777777777), (-0.775961538461587, 166.82666666666668) | RSI: 51.53019616696324, 51.60162511746172 | ADX: 3.285051311665073, 1.282563905531364 | OBV: 640997.9, -2847.689999999999 | Confidence: 0.30
2024-05-25 23:03:06,199 INFO 2024-05-25 23:03:06 Volume too low to execute trade: 0.0. Transaction did not go through.
2024-05-25 23:03:11,371 INFO Indicators - MACD: (55.27051282049797, 69089.07777777777), (-0.775961538461587, 166.82666666666668) | RSI: 51.53019616696324, 51.60162511746172 | ADX: 3.285051311665073, 1.282563905531364 | OBV: 640997.9, -2847.689999999999 | Confidence: 0.30
2024-05-25 23:03:11,371 INFO 2024-05-25 23:03:11 Volume too low to execute trade: 0.0. Transaction did not go through.
2024-05-25 23:03:16,639 INFO Indicators - MACD: (55.27051282049797, 69089.07777777777), (-0.775961538461587, 166.82666666666668) | RSI: 51.53019616696324, 51.60162511746172 | ADX: 3.285051311665073, 1.282563905531364 | OBV: 640997.9, -2847.689999999999 | Confidence: 0.30
2024-05-25 23:03:16,639 INFO 2024-05-25 23:03:16 Volume too low to execute trade: 0.0. Transaction did not go through.
2024-05-25 23:03:21,743 INFO Indicators - MACD: (55.27051282049797, 69089.07777777777), (-0.775961538461587, 166.82666666666668) | RSI: 51.53019616696324, 51.60162511746172 | ADX: 3.285051311665073, 1.282563905531364 | OBV: 640997.9, -2847.689999999999 | Confidence: 0.30
2024-05-25 23:03:21,743 INFO 2024-05-25 23:03:21 Volume too low to execute trade: 0.0. Transaction did not go through.
2024-05-25 23:03:26,897 INFO Indicators - MACD: (55.27051282049797, 69089.07777777777), (-0.775961538461587, 166.82666666666668) | RSI: 51.53019616696324, 51.60162511746172 | ADX: 3.285051311665073, 1.282563905531364 | OBV: 640997.9, -2847.689999999999 | Confidence: 0.30
2024-05-25 23:03:26,898 INFO 2024-05-25 23:03:26 Volume too low to execute trade: 0.0. Transaction did not go through.
2024-05-25 23:03:32,062 INFO Indicators - MACD: (55.27051282049797, 69089.07777777777), (-0.775961538461587, 166.82666666666668) | RSI: 51.53019616696324, 51.60162511746172 | ADX: 3.285051311665073, 1.282563905531364 | OBV: 640997.9, -2847.689999999999 | Confidence: 0.30
2024-05-25 23:03:32,063 INFO 2024-05-25 23:03:32 Volume too low to execute trade: 0.0. Transaction did not go through.
2024-05-25 23:03:37,156 INFO Indicators - MACD: (55.27051282049797, 69089.07777777777), (-0.775961538461587, 166.82666666666668) | RSI: 51.53019616696324, 51.60162511746172 | ADX: 3.285051311665073, 1.282563905531364 | OBV: 640997.9, -2847.689999999999 | Confidence: 0.30
2024-05-25 23:03:37,156 INFO 2024-05-25 23:03:37 Volume too low to execute trade: 0.0. Transaction did not go through.
2024-05-25 23:03:42,245 INFO Indicators - MACD: (55.27051282049797, 69089.07777777777), (-0.775961538461587, 166.82666666666668) | RSI: 51.53019616696324, 51.60162511746172 | ADX: 3.285051311665073, 1.282563905531364 | OBV: 640997.9, -2847.689999999999 | Confidence: 0.30
2024-05-25 23:03:42,245 INFO 2024-05-25 23:03:42 Volume too low to execute trade: 0.0. Transaction did not go through.
2024-05-25 23:03:50,488 INFO Indicators - MACD: (55.27051282049797, 69089.07777777777), (-0.775961538461587, 166.82666666666668) | RSI: 51.53019616696324, 51.60162511746172 | ADX: 3.285051311665073, 1.282563905531364 | OBV: 640997.9, -2847.689999999999 | Confidence: 0.30
2024-05-25 23:03:55,584 INFO Indicators - MACD: (55.27051282049797, 69089.07777777777), (-0.775961538461587, 166.82666666666668) | RSI: 51.53019616696324, 51.60162511746172 | ADX: 3.285051311665073, 1.282563905531364 | OBV: 640997.9, -2847.689999999999 | Confidence: 0.30
2024-05-25 23:03:55,585 INFO 2024-05-25 23:03:55 Volume too low to execute trade: 0.0. Transaction did not go through.
2024-05-25 23:04:00,958 INFO Indicators - MACD: (55.27051282049797, 69089.07777777777), (-0.775961538461587, 166.82666666666668) | RSI: 51.53019616696324, 51.60162511746172 | ADX: 3.285051311665073, 1.282563905531364 | OBV: 640997.9, -2847.689999999999 | Confidence: 0.30
2024-05-25 23:04:00,958 INFO 2024-05-25 23:04:00 Volume too low to execute trade: 0.0. Transaction did not go through.
2024-05-25 23:04:06,210 INFO Indicators - MACD: (55.27051282049797, 69089.07777777777), (-0.775961538461587, 166.82666666666668) | RSI: 51.53019616696324, 51.60162511746172 | ADX: 3.285051311665073, 1.282563905531364 | OBV: 640997.9, -2847.689999999999 | Confidence: 0.30
2024-05-25 23:04:06,211 INFO 2024-05-25 23:04:06 Volume too low to execute trade: 0.0. Transaction did not go through.
2024-05-25 23:04:11,306 INFO Indicators - MACD: (55.27051282049797, 69089.07777777777), (-0.775961538461587, 166.82666666666668) | RSI: 51.53019616696324, 51.60162511746172 | ADX: 3.285051311665073, 1.282563905531364 | OBV: 640997.9, -2847.689999999999 | Confidence: 0.30
2024-05-25 23:04:11,306 INFO 2024-05-25 23:04:11 Volume too low to execute trade: 0.0. Transaction did not go through.
2024-05-25 23:04:16,391 INFO Indicators - MACD: (55.27051282049797, 69089.07777777777), (-0.775961538461587, 166.82666666666668) | RSI: 51.53019616696324, 51.60162511746172 | ADX: 3.285051311665073, 1.282563905531364 | OBV: 640997.9, -2847.689999999999 | Confidence: 0.30
2024-05-25 23:04:16,391 INFO 2024-05-25 23:04:16 Volume too low to execute trade: 0.0. Transaction did not go through.
2024-05-25 23:04:21,499 INFO Indicators - MACD: (55.27051282049797, 69089.07777777777), (-0.775961538461587, 166.82666666666668) | RSI: 51.53019616696324, 51.60162511746172 | ADX: 3.285051311665073, 1.282563905531364 | OBV: 640997.9, -2847.689999999999 | Confidence: 0.30
2024-05-25 23:04:21,500 INFO 2024-05-25 23:04:21 Volume too low to execute trade: 0.0. Transaction did not go through.
2024-05-25 23:04:26,575 INFO Indicators - MACD: (55.27051282049797, 69089.07777777777), (-0.775961538461587, 166.82666666666668) | RSI: 51.53019616696324, 51.60162511746172 | ADX: 3.285051311665073, 1.282563905531364 | OBV: 640997.9, -2847.689999999999 | Confidence: 0.30
2024-05-25 23:04:26,576 INFO 2024-05-25 23:04:26 Volume too low to execute trade: 0.0. Transaction did not go through.
2024-05-25 23:04:31,665 INFO Indicators - MACD: (55.27051282049797, 69089.07777777777), (-0.775961538461587, 166.82666666666668) | RSI: 51.53019616696324, 51.60162511746172 | ADX: 3.285051311665073, 1.282563905531364 | OBV: 640997.9, -2847.689999999999 | Confidence: 0.30
2024-05-25 23:04:31,665 INFO 2024-05-25 23:04:31 Volume too low to execute trade: 0.0. Transaction did not go through.
2024-05-25 23:04:36,753 INFO Indicators - MACD: (55.27051282049797, 69089.07777777777), (-0.775961538461587, 166.82666666666668) | RSI: 51.53019616696324, 51.60162511746172 | ADX: 3.285051311665073, 1.282563905531364 | OBV: 640997.9, -2847.689999999999 | Confidence: 0.30
2024-05-25 23:04:36,753 INFO 2024-05-25 23:04:36 Volume too low to execute trade: 0.0. Transaction did not go through.
2024-05-25 23:04:41,968 INFO Indicators - MACD: (55.27051282049797, 69089.07777777777), (-0.775961538461587, 166.82666666666668) | RSI: 51.53019616696324, 51.60162511746172 | ADX: 3.285051311665073, 1.282563905531364 | OBV: 640997.9, -2847.689999999999 | Confidence: 0.30
2024-05-25 23:04:41,968 INFO 2024-05-25 23:04:41 Volume too low to execute trade: 0.0. Transaction did not go through.
2024-05-25 23:04:47,055 INFO Indicators - MACD: (55.27051282049797, 69089.07777777777), (-0.775961538461587, 166.82666666666668) | RSI: 51.53019616696324, 51.60162511746172 | ADX: 3.285051311665073, 1.282563905531364 | OBV: 640997.9, -2847.689999999999 | Confidence: 0.30
2024-05-25 23:04:47,056 INFO 2024-05-25 23:04:47 Volume too low to execute trade: 0.0. Transaction did not go through.
2024-05-25 23:04:52,288 INFO Indicators - MACD: (55.27051282049797, 69089.07777777777), (-0.775961538461587, 166.82666666666668) | RSI: 51.53019616696324, 51.60162511746172 | ADX: 3.285051311665073, 1.282563905531364 | OBV: 640997.9, -2847.689999999999 | Confidence: 0.30
2024-05-25 23:04:52,288 INFO 2024-05-25 23:04:52 Volume too low to execute trade: 0.0. Transaction did not go through.
2024-05-25 23:04:57,412 INFO Indicators - MACD: (55.27051282049797, 69089.07777777777), (-0.775961538461587, 166.82666666666668) | RSI: 51.53019616696324, 51.60162511746172 | ADX: 3.285051311665073, 1.282563905531364 | OBV: 640997.9, -2847.689999999999 | Confidence: 0.30
2024-05-25 23:04:57,413 INFO 2024-05-25 23:04:57 Volume too low to execute trade: 0.0. Transaction did not go through.
2024-05-25 23:05:02,730 INFO Indicators - MACD: (55.27499999999418, 69089.08888888889), (-0.775961538461587, 166.82666666666668) | RSI: 51.53022690391351, 51.60162511746172 | ADX: 3.2850563731183984, 1.282563905531364 | OBV: 641017.1, -2847.689999999999 | Confidence: 0.30
2024-05-25 23:05:02,730 INFO 2024-05-25 23:05:02 Volume too low to execute trade: 0.0. Transaction did not go through.
2024-05-25 23:05:07,977 INFO Indicators - MACD: (55.27499999999418, 69089.08888888889), (-0.775961538461587, 166.82666666666668) | RSI: 51.53022690391351, 51.60162511746172 | ADX: 3.2850563731183984, 1.282563905531364 | OBV: 641017.1, -2847.689999999999 | Confidence: 0.30
2024-05-25 23:05:07,978 INFO 2024-05-25 23:05:07 Volume too low to execute trade: 0.0. Transaction did not go through.
2024-05-25 23:05:13,127 INFO Indicators - MACD: (55.27499999999418, 69089.08888888889), (-0.775961538461587, 166.82666666666668) | RSI: 51.53022690391351, 51.60162511746172 | ADX: 3.2850563731183984, 1.282563905531364 | OBV: 641017.1, -2847.689999999999 | Confidence: 0.30
2024-05-25 23:05:13,127 INFO 2024-05-25 23:05:13 Volume too low to execute trade: 0.0. Transaction did not go through.
2024-05-25 23:05:18,231 INFO Indicators - MACD: (55.27499999999418, 69089.08888888889), (-0.775961538461587, 166.82666666666668) | RSI: 51.53022690391351, 51.60162511746172 | ADX: 3.2850563731183984, 1.282563905531364 | OBV: 641017.1, -2847.689999999999 | Confidence: 0.30
2024-05-25 23:05:18,231 INFO 2024-05-25 23:05:18 Volume too low to execute trade: 0.0. Transaction did not go through.
2024-05-25 23:05:23,318 INFO Indicators - MACD: (55.27499999999418, 69089.08888888889), (-0.775961538461587, 166.82666666666668) | RSI: 51.53022690391351, 51.60162511746172 | ADX: 3.2850563731183984, 1.282563905531364 | OBV: 641017.1, -2847.689999999999 | Confidence: 0.30
2024-05-25 23:05:23,319 INFO 2024-05-25 23:05:23 Volume too low to execute trade: 0.0. Transaction did not go through.
2024-05-25 23:05:32,796 INFO Indicators - MACD: (55.27499999999418, 69089.08888888889), (-0.775961538461587, 166.82666666666668) | RSI: 51.53022690391351, 51.60162511746172 | ADX: 3.2850563731183984, 1.282563905531364 | OBV: 641017.1, -2847.689999999999 | Confidence: 0.30
2024-05-25 23:05:37,901 INFO Indicators - MACD: (55.27499999999418, 69089.08888888889), (-0.775961538461587, 166.82666666666668) | RSI: 51.53022690391351, 51.60162511746172 | ADX: 3.2850563731183984, 1.282563905531364 | OBV: 641017.1, -2847.689999999999 | Confidence: 0.30
2024-05-25 23:05:42,984 INFO Indicators - MACD: (55.27499999999418, 69089.08888888889), (-0.775961538461587, 166.82666666666668) | RSI: 51.53022690391351, 51.60162511746172 | ADX: 3.2850563731183984, 1.282563905531364 | OBV: 641017.1, -2847.689999999999 | Confidence: 0.30
2024-05-25 23:05:48,069 INFO Indicators - MACD: (55.27499999999418, 69089.08888888889), (-0.775961538461587, 166.82666666666668) | RSI: 51.53022690391351, 51.60162511746172 | ADX: 3.2850563731183984, 1.282563905531364 | OBV: 641017.1, -2847.689999999999 | Confidence: 0.30
2024-05-25 23:05:53,152 INFO Indicators - MACD: (55.27499999999418, 69089.08888888889), (-0.775961538461587, 166.82666666666668) | RSI: 51.53022690391351, 51.60162511746172 | ADX: 3.2850563731183984, 1.282563905531364 | OBV: 641017.1, -2847.689999999999 | Confidence: 0.30
2024-05-25 23:05:58,235 INFO Indicators - MACD: (55.27499999999418, 69089.08888888889), (-0.775961538461587, 166.82666666666668) | RSI: 51.53022690391351, 51.60162511746172 | ADX: 3.2850563731183984, 1.282563905531364 | OBV: 641017.1, -2847.689999999999 | Confidence: 0.30
2024-05-25 23:06:03,498 INFO Indicators - MACD: (55.27051282049797, 69089.07777777777), (-0.775961538461587, 166.82666666666668) | RSI: 51.53019616696324, 51.60162511746172 | ADX: 3.2850563731183984, 1.282563905531364 | OBV: 641017.1, -2847.689999999999 | Confidence: 0.30
2024-05-25 23:06:08,742 INFO Indicators - MACD: (55.27051282049797, 69089.07777777777), (-0.775961538461587, 166.82666666666668) | RSI: 51.53019616696324, 51.60162511746172 | ADX: 3.2850563731183984, 1.282563905531364 | OBV: 641017.1, -2847.689999999999 | Confidence: 0.30
2024-05-25 23:06:13,832 INFO Indicators - MACD: (55.27051282049797, 69089.07777777777), (-0.775961538461587, 166.82666666666668) | RSI: 51.53019616696324, 51.60162511746172 | ADX: 3.2850563731183984, 1.282563905531364 | OBV: 641017.1, -2847.689999999999 | Confidence: 0.30
2024-05-25 23:06:19,033 INFO Indicators - MACD: (55.27051282049797, 69089.07777777777), (-0.775961538461587, 166.82666666666668) | RSI: 51.53019616696324, 51.60162511746172 | ADX: 3.2850563731183984, 1.282563905531364 | OBV: 641017.1, -2847.689999999999 | Confidence: 0.30
2024-05-25 23:06:24,155 INFO Indicators - MACD: (55.27051282049797, 69089.07777777777), (-0.775961538461587, 166.82666666666668) | RSI: 51.53019616696324, 51.60162511746172 | ADX: 3.2850563731183984, 1.282563905531364 | OBV: 641017.1, -2847.689999999999 | Confidence: 0.30
2024-05-25 23:06:29,249 INFO Indicators - MACD: (55.27051282049797, 69089.07777777777), (-0.775961538461587, 166.82666666666668) | RSI: 51.53019616696324, 51.60162511746172 | ADX: 3.2850563731183984, 1.282563905531364 | OBV: 641017.1, -2847.689999999999 | Confidence: 0.30
2024-05-25 23:06:40,418 INFO Indicators - MACD: (55.27051282049797, 69089.07777777777), (-0.775961538461587, 166.82666666666668) | RSI: 51.53019616696324, 51.60162511746172 | ADX: 3.2850563731183984, 1.282563905531364 | OBV: 641017.1, -2847.689999999999 | Confidence: 0.30
2024-05-25 23:06:45,591 INFO Indicators - MACD: (55.27051282049797, 69089.07777777777), (-0.775961538461587, 166.82666666666668) | RSI: 51.53019616696324, 51.60162511746172 | ADX: 3.2850563731183984, 1.282563905531364 | OBV: 641017.1, -2847.689999999999 | Confidence: 0.30
2024-05-25 23:06:50,731 INFO Indicators - MACD: (55.27051282049797, 69089.07777777777), (-0.775961538461587, 166.82666666666668) | RSI: 51.53019616696324, 51.60162511746172 | ADX: 3.2850563731183984, 1.282563905531364 | OBV: 641017.1, -2847.689999999999 | Confidence: 0.30
2024-05-25 23:06:55,818 INFO Indicators - MACD: (55.27051282049797, 69089.07777777777), (-0.775961538461587, 166.82666666666668) | RSI: 51.53019616696324, 51.60162511746172 | ADX: 3.2850563731183984, 1.282563905531364 | OBV: 641017.1, -2847.689999999999 | Confidence: 0.30
2024-05-25 23:07:01,144 INFO Indicators - MACD: (55.27051282049797, 69089.07777777777), (-0.775961538461587, 166.82666666666668) | RSI: 51.53019616696324, 51.60162511746172 | ADX: 3.2850563731183984, 1.282563905531364 | OBV: 641017.1, -2847.689999999999 | Confidence: 0.30
2024-05-25 23:07:01,145 INFO 2024-05-25 23:07:01 Volume too low to execute trade: 0.0. Transaction did not go through.
