2024-05-25 22:41:04,813 INFO [32m[2024-05-25 22:41:04] BTC@69026.00 SOL@165.84 BTC momentum: 0.00 Confidence level: 0.00 Balance USDT: 0.00, SOL: 16.011873, Total USD: 2655.41, Total Gain USD: -2.99[39m
2024-05-25 22:41:09,918 INFO [32m[2024-05-25 22:41:09] BTC@69026.00 SOL@165.84 BTC momentum: 0.00 Confidence level: 0.00 Balance USDT: 0.00, SOL: 16.011873, Total USD: 2655.41, Total Gain USD: -2.99[39m
2024-05-25 22:41:15,024 INFO [32m[2024-05-25 22:41:15] BTC@69026.00 SOL@165.84 BTC momentum: 0.00 Confidence level: 0.00 Balance USDT: 0.00, SOL: 16.011873, Total USD: 2655.41, Total Gain USD: -2.99[39m
2024-05-25 22:41:20,111 INFO [32m[2024-05-25 22:41:20] BTC@69026.00 SOL@165.84 BTC momentum: 0.00 Confidence level: 0.00 Balance USDT: 0.00, SOL: 16.011873, Total USD: 2655.41, Total Gain USD: -2.99[39m
2024-05-25 22:41:25,221 INFO [32m[2024-05-25 22:41:25] BTC@69026.00 SOL@165.84 BTC momentum: 0.00 Confidence level: 0.00 Balance USDT: 0.00, SOL: 16.011873, Total USD: 2655.41, Total Gain USD: -2.99[39m
2024-05-25 22:41:30,333 INFO [32m[2024-05-25 22:41:30] BTC@69026.00 SOL@165.90 BTC momentum: 0.00 Confidence level: 0.00 Balance USDT: 0.00, SOL: 16.011873, Total USD: 2656.37, Total Gain USD: -2.03[39m
2024-05-25 22:41:35,496 INFO [32m[2024-05-25 22:41:35] BTC@69026.00 SOL@165.90 BTC momentum: 0.00 Confidence level: 0.00 Balance USDT: 0.00, SOL: 16.011873, Total USD: 2656.37, Total Gain USD: -2.03[39m
2024-05-25 22:41:40,591 INFO [32m[2024-05-25 22:41:40] BTC@69026.00 SOL@165.90 BTC momentum: 0.00 Confidence level: 0.00 Balance USDT: 0.00, SOL: 16.011873, Total USD: 2656.37, Total Gain USD: -2.03[39m
2024-05-25 22:41:45,695 INFO [32m[2024-05-25 22:41:45] BTC@69026.00 SOL@165.90 BTC momentum: 0.00 Confidence level: 0.00 Balance USDT: 0.00, SOL: 16.011873, Total USD: 2656.37, Total Gain USD: -2.03[39m
2024-05-25 22:41:50,798 INFO [32m[2024-05-25 22:41:50] BTC@69026.00 SOL@165.90 BTC momentum: 0.00 Confidence level: 0.00 Balance USDT: 0.00, SOL: 16.011873, Total USD: 2656.37, Total Gain USD: -2.03[39m
2024-05-25 22:41:55,904 INFO [32m[2024-05-25 22:41:55] BTC@69026.00 SOL@165.91 BTC momentum: 0.00 Confidence level: 0.00 Balance USDT: 0.00, SOL: 16.011873, Total USD: 2656.53, Total Gain USD: -1.87[39m
2024-05-25 22:41:59,518 INFO [32m[2024-05-25 22:41:59] BTC@69025.90 SOL@165.91 BTC momentum: 0.00 Confidence level: 0.00 Balance USDT: 0.00, SOL: 16.011873, Total USD: 2656.53, Total Gain USD: -1.87[39m
2024-05-25 22:42:01,459 INFO [32m[2024-05-25 22:42:01] BTC@69025.90 SOL@165.91 BTC momentum: 0.00 Confidence level: 0.00 Balance USDT: 0.00, SOL: 16.011873, Total USD: 2656.53, Total Gain USD: -1.87[39m
2024-05-25 22:47:53,245 INFO [32m[2024-05-25 22:47:53] BTC@0.00 SOL@165.95 BTC momentum: 0.00 Confidence level: 0.00 Balance USDT: 1000.00, SOL: 10.000000, Total USD: 2659.50, Total Gain USD: 0.00[39m
2024-05-25 22:47:58,229 INFO [32m[2024-05-25 22:47:58] BTC@69023.40 SOL@165.95 BTC momentum: 0.00 Confidence level: 0.00 Balance USDT: 1000.00, SOL: 10.000000, Total USD: 2659.50, Total Gain USD: 0.00[39m
2024-05-25 22:48:03,236 INFO [32m[2024-05-25 22:48:03] BTC@69023.40 SOL@165.95 BTC momentum: 0.00 Confidence level: 0.00 Balance USDT: 1000.00, SOL: 10.000000, Total USD: 2659.50, Total Gain USD: 0.00[39m
2024-05-25 22:48:08,243 INFO [32m[2024-05-25 22:48:08] BTC@69023.40 SOL@165.95 BTC momentum: 0.00 Confidence level: 0.00 Balance USDT: 1000.00, SOL: 10.000000, Total USD: 2659.50, Total Gain USD: 0.00[39m
2024-05-25 22:51:07,474 INFO [32m[2024-05-25 22:51:07] BTC@0.00 SOL@166.07 BTC momentum: 0.00 Confidence level: 0.00 Balance USDT: 1000.00, SOL: 10.000000, Total USD: 2660.70, Total Gain USD: 0.00[39m
2024-05-25 22:51:53,420 INFO [32m[2024-05-25 22:51:53] BTC@0.00 SOL@166.09 BTC momentum: 0.00 Confidence level: 0.00 Balance USDT: 1000.00, SOL: 10.000000, Total USD: 2660.90, Total Gain USD: 0.00[39m
2024-05-25 22:54:16,916 INFO [32m[2024-05-25 22:54:16] BTC@0.00 SOL@166.06 BTC momentum: 0.00 Confidence level: 0.00 Balance USDT: 1000.00, SOL: 10.000000, Total USD: 2660.60, Total Gain USD: 0.00[39m
2024-05-25 22:54:22,005 INFO [35m[2024-05-25 22:54:22] Trade action: buy, Volume: 6.003908, Price: 166.06, New USDT Balance: 0.00, New SOL Balance: 16.003908[39m
2024-05-25 22:54:22,005 INFO [32m[2024-05-25 22:54:22] BTC@0.00 SOL@166.06 BTC momentum: 0.00 Confidence level: 0.00 Balance USDT: 0.00, SOL: 16.003908, Total USD: 2657.61, Total Gain USD: -2.99[39m
2024-05-25 22:54:22,006 INFO [32m[2024-05-25 22:54:22] BTC@69058.50 SOL@166.06 BTC momentum: 0.00 Confidence level: 0.00 Balance USDT: 0.00, SOL: 16.003908, Total USD: 2657.61, Total Gain USD: -2.99[39m
2024-05-25 22:54:27,122 INFO [35m[2024-05-25 22:54:27] Trade action: buy, Volume: 0.000000, Price: 166.06, New USDT Balance: 0.00, New SOL Balance: 16.003908[39m
2024-05-25 22:54:27,122 INFO [32m[2024-05-25 22:54:27] BTC@0.00 SOL@166.06 BTC momentum: 0.00 Confidence level: 0.00 Balance USDT: 0.00, SOL: 16.003908, Total USD: 2657.61, Total Gain USD: -2.99[39m
2024-05-25 22:54:27,124 INFO [32m[2024-05-25 22:54:27] BTC@69058.50 SOL@166.06 BTC momentum: 0.00 Confidence level: 0.00 Balance USDT: 0.00, SOL: 16.003908, Total USD: 2657.61, Total Gain USD: -2.99[39m
2024-05-25 22:54:32,241 INFO [35m[2024-05-25 22:54:32] Trade action: buy, Volume: 0.000000, Price: 166.06, New USDT Balance: 0.00, New SOL Balance: 16.003908[39m
2024-05-25 22:54:32,242 INFO [32m[2024-05-25 22:54:32] BTC@0.00 SOL@166.06 BTC momentum: 0.00 Confidence level: 0.00 Balance USDT: 0.00, SOL: 16.003908, Total USD: 2657.61, Total Gain USD: -2.99[39m
2024-05-25 22:54:32,242 INFO [32m[2024-05-25 22:54:32] BTC@69058.50 SOL@166.06 BTC momentum: 0.00 Confidence level: 0.00 Balance USDT: 0.00, SOL: 16.003908, Total USD: 2657.61, Total Gain USD: -2.99[39m
2024-05-25 22:54:37,337 INFO [35m[2024-05-25 22:54:37] Trade action: buy, Volume: 0.000000, Price: 166.06, New USDT Balance: 0.00, New SOL Balance: 16.003908[39m
2024-05-25 22:54:37,338 INFO [32m[2024-05-25 22:54:37] BTC@0.00 SOL@166.06 BTC momentum: 0.00 Confidence level: 0.00 Balance USDT: 0.00, SOL: 16.003908, Total USD: 2657.61, Total Gain USD: -2.99[39m
2024-05-25 22:54:37,338 INFO [32m[2024-05-25 22:54:37] BTC@69058.50 SOL@166.06 BTC momentum: 0.00 Confidence level: 0.00 Balance USDT: 0.00, SOL: 16.003908, Total USD: 2657.61, Total Gain USD: -2.99[39m
2024-05-25 22:54:42,442 INFO [35m[2024-05-25 22:54:42] Trade action: buy, Volume: 0.000000, Price: 166.06, New USDT Balance: 0.00, New SOL Balance: 16.003908[39m
2024-05-25 22:54:42,443 INFO [32m[2024-05-25 22:54:42] BTC@0.00 SOL@166.06 BTC momentum: 0.00 Confidence level: 0.00 Balance USDT: 0.00, SOL: 16.003908, Total USD: 2657.61, Total Gain USD: -2.99[39m
2024-05-25 22:54:42,443 INFO [32m[2024-05-25 22:54:42] BTC@69058.50 SOL@166.06 BTC momentum: 0.00 Confidence level: 0.00 Balance USDT: 0.00, SOL: 16.003908, Total USD: 2657.61, Total Gain USD: -2.99[39m
2024-05-25 22:54:47,558 INFO [35m[2024-05-25 22:54:47] Trade action: buy, Volume: 0.000000, Price: 166.06, New USDT Balance: 0.00, New SOL Balance: 16.003908[39m
2024-05-25 22:54:47,559 INFO [32m[2024-05-25 22:54:47] BTC@0.00 SOL@166.06 BTC momentum: 0.00 Confidence level: 0.00 Balance USDT: 0.00, SOL: 16.003908, Total USD: 2657.61, Total Gain USD: -2.99[39m
2024-05-25 22:54:47,559 INFO [32m[2024-05-25 22:54:47] BTC@69058.50 SOL@166.06 BTC momentum: 0.00 Confidence level: 0.00 Balance USDT: 0.00, SOL: 16.003908, Total USD: 2657.61, Total Gain USD: -2.99[39m
2024-05-25 22:54:52,692 INFO [35m[2024-05-25 22:54:52] Trade action: buy, Volume: 0.000000, Price: 166.06, New USDT Balance: 0.00, New SOL Balance: 16.003908[39m
2024-05-25 22:54:52,692 INFO [32m[2024-05-25 22:54:52] BTC@0.00 SOL@166.06 BTC momentum: 0.00 Confidence level: 0.00 Balance USDT: 0.00, SOL: 16.003908, Total USD: 2657.61, Total Gain USD: -2.99[39m
2024-05-25 22:54:52,693 INFO [32m[2024-05-25 22:54:52] BTC@69058.50 SOL@166.06 BTC momentum: 0.00 Confidence level: 0.00 Balance USDT: 0.00, SOL: 16.003908, Total USD: 2657.61, Total Gain USD: -2.99[39m
2024-05-25 22:54:57,790 INFO [35m[2024-05-25 22:54:57] Trade action: buy, Volume: 0.000000, Price: 166.09, New USDT Balance: 0.00, New SOL Balance: 16.003908[39m
2024-05-25 22:54:57,790 INFO [32m[2024-05-25 22:54:57] BTC@0.00 SOL@166.09 BTC momentum: 0.00 Confidence level: 0.00 Balance USDT: 0.00, SOL: 16.003908, Total USD: 2658.09, Total Gain USD: -2.51[39m
2024-05-25 22:54:57,791 INFO [32m[2024-05-25 22:54:57] BTC@69058.50 SOL@166.09 BTC momentum: 0.00 Confidence level: 0.00 Balance USDT: 0.00, SOL: 16.003908, Total USD: 2658.09, Total Gain USD: -2.51[39m
2024-05-25 22:55:03,313 INFO [35m[2024-05-25 22:55:03] Trade action: buy, Volume: 0.000000, Price: 166.09, New USDT Balance: 0.00, New SOL Balance: 16.003908[39m
2024-05-25 22:55:03,313 INFO [32m[2024-05-25 22:55:03] BTC@0.00 SOL@166.09 BTC momentum: 0.00 Confidence level: 0.00 Balance USDT: 0.00, SOL: 16.003908, Total USD: 2658.09, Total Gain USD: -2.51[39m
2024-05-25 22:55:03,313 INFO [32m[2024-05-25 22:55:03] BTC@69058.50 SOL@166.09 BTC momentum: 0.00 Confidence level: 0.00 Balance USDT: 0.00, SOL: 16.003908, Total USD: 2658.09, Total Gain USD: -2.51[39m
2024-05-25 22:55:08,402 INFO [35m[2024-05-25 22:55:08] Trade action: buy, Volume: 0.000000, Price: 166.09, New USDT Balance: 0.00, New SOL Balance: 16.003908[39m
2024-05-25 22:55:08,402 INFO [32m[2024-05-25 22:55:08] BTC@0.00 SOL@166.09 BTC momentum: 0.00 Confidence level: 0.00 Balance USDT: 0.00, SOL: 16.003908, Total USD: 2658.09, Total Gain USD: -2.51[39m
2024-05-25 22:55:08,402 INFO [32m[2024-05-25 22:55:08] BTC@69058.50 SOL@166.09 BTC momentum: 0.00 Confidence level: 0.00 Balance USDT: 0.00, SOL: 16.003908, Total USD: 2658.09, Total Gain USD: -2.51[39m
2024-05-25 22:55:13,475 INFO [35m[2024-05-25 22:55:13] Trade action: buy, Volume: 0.000000, Price: 166.09, New USDT Balance: 0.00, New SOL Balance: 16.003908[39m
2024-05-25 22:55:13,475 INFO [32m[2024-05-25 22:55:13] BTC@0.00 SOL@166.09 BTC momentum: 0.00 Confidence level: 0.00 Balance USDT: 0.00, SOL: 16.003908, Total USD: 2658.09, Total Gain USD: -2.51[39m
2024-05-25 22:55:13,477 INFO [32m[2024-05-25 22:55:13] BTC@69058.50 SOL@166.09 BTC momentum: 0.00 Confidence level: 0.00 Balance USDT: 0.00, SOL: 16.003908, Total USD: 2658.09, Total Gain USD: -2.51[39m
2024-05-25 22:55:16,921 INFO [32m[2024-05-25 22:55:16] BTC@69058.50 SOL@166.15 BTC momentum: 0.00 Confidence level: 0.00 Balance USDT: 0.00, SOL: 16.003908, Total USD: 2659.05, Total Gain USD: -1.55[39m
2024-05-25 22:55:18,663 INFO [35m[2024-05-25 22:55:18] Trade action: buy, Volume: 0.000000, Price: 166.15, New USDT Balance: 0.00, New SOL Balance: 16.003908[39m
2024-05-25 22:55:18,663 INFO [32m[2024-05-25 22:55:18] BTC@0.00 SOL@166.15 BTC momentum: 0.00 Confidence level: 0.00 Balance USDT: 0.00, SOL: 16.003908, Total USD: 2659.05, Total Gain USD: -1.55[39m
2024-05-25 22:55:18,663 INFO [32m[2024-05-25 22:55:18] BTC@69058.50 SOL@166.15 BTC momentum: 0.00 Confidence level: 0.00 Balance USDT: 0.00, SOL: 16.003908, Total USD: 2659.05, Total Gain USD: -1.55[39m
2024-05-25 22:55:23,781 INFO [35m[2024-05-25 22:55:23] Trade action: buy, Volume: 0.000000, Price: 166.15, New USDT Balance: 0.00, New SOL Balance: 16.003908[39m
2024-05-25 22:55:23,782 INFO [32m[2024-05-25 22:55:23] BTC@0.00 SOL@166.15 BTC momentum: 0.00 Confidence level: 0.00 Balance USDT: 0.00, SOL: 16.003908, Total USD: 2659.05, Total Gain USD: -1.55[39m
2024-05-25 22:55:23,782 INFO [32m[2024-05-25 22:55:23] BTC@69060.90 SOL@166.15 BTC momentum: 0.00 Confidence level: 0.00 Balance USDT: 0.00, SOL: 16.003908, Total USD: 2659.05, Total Gain USD: -1.55[39m
2024-05-25 22:55:28,882 INFO [35m[2024-05-25 22:55:28] Trade action: buy, Volume: 0.000000, Price: 166.15, New USDT Balance: 0.00, New SOL Balance: 16.003908[39m
2024-05-25 22:55:28,882 INFO [32m[2024-05-25 22:55:28] BTC@0.00 SOL@166.15 BTC momentum: 0.00 Confidence level: 0.00 Balance USDT: 0.00, SOL: 16.003908, Total USD: 2659.05, Total Gain USD: -1.55[39m
2024-05-25 22:55:28,882 INFO [32m[2024-05-25 22:55:28] BTC@69060.90 SOL@166.15 BTC momentum: 0.00 Confidence level: 0.00 Balance USDT: 0.00, SOL: 16.003908, Total USD: 2659.05, Total Gain USD: -1.55[39m
2024-05-25 22:55:33,971 INFO [35m[2024-05-25 22:55:33] Trade action: buy, Volume: 0.000000, Price: 166.15, New USDT Balance: 0.00, New SOL Balance: 16.003908[39m
2024-05-25 22:55:33,971 INFO [32m[2024-05-25 22:55:33] BTC@0.00 SOL@166.15 BTC momentum: 0.00 Confidence level: 0.00 Balance USDT: 0.00, SOL: 16.003908, Total USD: 2659.05, Total Gain USD: -1.55[39m
2024-05-25 22:55:33,972 INFO [32m[2024-05-25 22:55:33] BTC@69060.90 SOL@166.15 BTC momentum: 0.00 Confidence level: 0.00 Balance USDT: 0.00, SOL: 16.003908, Total USD: 2659.05, Total Gain USD: -1.55[39m
2024-05-25 22:55:39,071 INFO [35m[2024-05-25 22:55:39] Trade action: buy, Volume: 0.000000, Price: 166.14, New USDT Balance: 0.00, New SOL Balance: 16.003908[39m
2024-05-25 22:55:39,071 INFO [32m[2024-05-25 22:55:39] BTC@0.00 SOL@166.14 BTC momentum: 0.00 Confidence level: 0.00 Balance USDT: 0.00, SOL: 16.003908, Total USD: 2658.89, Total Gain USD: -1.71[39m
2024-05-25 22:55:39,072 INFO [32m[2024-05-25 22:55:39] BTC@69060.90 SOL@166.14 BTC momentum: 0.00 Confidence level: 0.00 Balance USDT: 0.00, SOL: 16.003908, Total USD: 2658.89, Total Gain USD: -1.71[39m
2024-05-25 22:55:44,169 INFO [32m[2024-05-25 22:55:44] BTC@69062.50 SOL@166.14 BTC momentum: 0.00 Confidence level: 0.00 Balance USDT: 0.00, SOL: 16.003908, Total USD: 2658.89, Total Gain USD: -1.71[39m
2024-05-25 22:55:49,280 INFO [32m[2024-05-25 22:55:49] BTC@69062.50 SOL@166.14 BTC momentum: 0.00 Confidence level: 0.00 Balance USDT: 0.00, SOL: 16.003908, Total USD: 2658.89, Total Gain USD: -1.71[39m
2024-05-25 22:55:54,386 INFO [32m[2024-05-25 22:55:54] BTC@69062.50 SOL@166.14 BTC momentum: 0.00 Confidence level: 0.00 Balance USDT: 0.00, SOL: 16.003908, Total USD: 2658.89, Total Gain USD: -1.71[39m
2024-05-25 22:55:59,482 INFO [32m[2024-05-25 22:55:59] BTC@69062.50 SOL@166.14 BTC momentum: 0.00 Confidence level: 0.00 Balance USDT: 0.00, SOL: 16.003908, Total USD: 2658.89, Total Gain USD: -1.71[39m
2024-05-25 22:56:05,062 INFO [32m[2024-05-25 22:56:05] BTC@69062.50 SOL@166.19 BTC momentum: 0.00 Confidence level: 0.00 Balance USDT: 0.00, SOL: 16.003908, Total USD: 2659.69, Total Gain USD: -0.91[39m
2024-05-25 22:56:10,239 INFO [32m[2024-05-25 22:56:10] BTC@69062.60 SOL@166.26 BTC momentum: 0.00 Confidence level: 0.00 Balance USDT: 0.00, SOL: 16.003908, Total USD: 2660.81, Total Gain USD: 0.21[39m
2024-05-25 22:56:15,354 INFO [32m[2024-05-25 22:56:15] BTC@69100.60 SOL@166.30 BTC momentum: 0.00 Confidence level: 0.00 Balance USDT: 0.00, SOL: 16.003908, Total USD: 2661.45, Total Gain USD: 0.85[39m
2024-05-25 22:56:16,929 INFO [32m[2024-05-25 22:56:16] BTC@69100.60 SOL@166.30 BTC momentum: 0.00 Confidence level: 0.00 Balance USDT: 0.00, SOL: 16.003908, Total USD: 2661.45, Total Gain USD: 0.85[39m
2024-05-25 22:56:20,564 INFO [32m[2024-05-25 22:56:20] BTC@69100.60 SOL@166.30 BTC momentum: 0.00 Confidence level: 0.00 Balance USDT: 0.00, SOL: 16.003908, Total USD: 2661.45, Total Gain USD: 0.85[39m
2024-05-25 22:56:25,662 INFO [32m[2024-05-25 22:56:25] BTC@69100.60 SOL@166.30 BTC momentum: 0.00 Confidence level: 0.00 Balance USDT: 0.00, SOL: 16.003908, Total USD: 2661.45, Total Gain USD: 0.85[39m
2024-05-25 22:56:30,778 INFO [32m[2024-05-25 22:56:30] BTC@69100.60 SOL@166.30 BTC momentum: 0.00 Confidence level: 0.00 Balance USDT: 0.00, SOL: 16.003908, Total USD: 2661.45, Total Gain USD: 0.85[39m
2024-05-25 22:56:35,882 INFO [32m[2024-05-25 22:56:35] BTC@69100.60 SOL@166.31 BTC momentum: 0.00 Confidence level: 0.00 Balance USDT: 0.00, SOL: 16.003908, Total USD: 2661.61, Total Gain USD: 1.01[39m
2024-05-25 22:56:40,985 INFO [32m[2024-05-25 22:56:40] BTC@69100.60 SOL@166.31 BTC momentum: 0.00 Confidence level: 0.00 Balance USDT: 0.00, SOL: 16.003908, Total USD: 2661.61, Total Gain USD: 1.01[39m
2024-05-25 22:56:46,074 INFO [32m[2024-05-25 22:56:46] BTC@69100.60 SOL@166.31 BTC momentum: 0.00 Confidence level: 0.00 Balance USDT: 0.00, SOL: 16.003908, Total USD: 2661.61, Total Gain USD: 1.01[39m
2024-05-25 22:56:51,187 INFO [32m[2024-05-25 22:56:51] BTC@69100.60 SOL@166.31 BTC momentum: 0.00 Confidence level: 0.00 Balance USDT: 0.00, SOL: 16.003908, Total USD: 2661.61, Total Gain USD: 1.01[39m
2024-05-25 22:56:56,267 INFO [32m[2024-05-25 22:56:56] BTC@69100.60 SOL@166.31 BTC momentum: 0.00 Confidence level: 0.00 Balance USDT: 0.00, SOL: 16.003908, Total USD: 2661.61, Total Gain USD: 1.01[39m
2024-05-25 22:57:01,764 INFO [32m[2024-05-25 22:57:01] BTC@69100.60 SOL@166.31 BTC momentum: 0.00 Confidence level: 0.00 Balance USDT: 0.00, SOL: 16.003908, Total USD: 2661.61, Total Gain USD: 1.01[39m
2024-05-25 22:57:06,961 INFO [32m[2024-05-25 22:57:06] BTC@69100.60 SOL@166.31 BTC momentum: 0.00 Confidence level: 0.00 Balance USDT: 0.00, SOL: 16.003908, Total USD: 2661.61, Total Gain USD: 1.01[39m
2024-05-25 22:57:12,140 INFO [32m[2024-05-25 22:57:12] BTC@69100.60 SOL@166.31 BTC momentum: 0.00 Confidence level: 0.00 Balance USDT: 0.00, SOL: 16.003908, Total USD: 2661.61, Total Gain USD: 1.01[39m
2024-05-25 22:57:18,192 INFO [32m[2024-05-25 22:57:18] BTC@0.00 SOL@166.31 BTC momentum: 0.00 Confidence level: 0.00 Balance USDT: 1000.00, SOL: 10.000000, Total USD: 2663.10, Total Gain USD: 0.00[39m
2024-05-25 22:57:23,265 INFO [35m[2024-05-25 22:57:23] Trade action: buy, Volume: 5.994883, Price: 166.31, New USDT Balance: 0.00, New SOL Balance: 15.994883[39m
2024-05-25 22:57:23,266 INFO [32m[2024-05-25 22:57:23] BTC@0.00 SOL@166.31 BTC momentum: 0.00 Confidence level: 0.00 Balance USDT: 0.00, SOL: 15.994883, Total USD: 2660.11, Total Gain USD: -2.99[39m
2024-05-25 22:57:23,266 INFO [32m[2024-05-25 22:57:23] BTC@69100.60 SOL@166.31 BTC momentum: 0.00 Confidence level: 0.00 Balance USDT: 0.00, SOL: 15.994883, Total USD: 2660.11, Total Gain USD: -2.99[39m
2024-05-25 22:57:28,353 INFO [32m[2024-05-25 22:57:28] BTC@69100.60 SOL@166.31 BTC momentum: 0.00 Confidence level: 0.00 Balance USDT: 0.00, SOL: 15.994883, Total USD: 2660.11, Total Gain USD: -2.99[39m
2024-05-25 22:57:33,436 INFO [32m[2024-05-25 22:57:33] BTC@69100.60 SOL@166.33 BTC momentum: 0.00 Confidence level: 0.00 Balance USDT: 0.00, SOL: 15.994883, Total USD: 2660.43, Total Gain USD: -2.67[39m
2024-05-25 22:57:38,552 INFO [32m[2024-05-25 22:57:38] BTC@69100.60 SOL@166.33 BTC momentum: 0.00 Confidence level: 0.00 Balance USDT: 0.00, SOL: 15.994883, Total USD: 2660.43, Total Gain USD: -2.67[39m
2024-05-25 22:57:43,671 INFO [32m[2024-05-25 22:57:43] BTC@69100.60 SOL@166.33 BTC momentum: 0.00 Confidence level: 0.00 Balance USDT: 0.00, SOL: 15.994883, Total USD: 2660.43, Total Gain USD: -2.67[39m
2024-05-25 22:57:48,746 INFO [32m[2024-05-25 22:57:48] BTC@69100.60 SOL@166.33 BTC momentum: 0.00 Confidence level: 0.00 Balance USDT: 0.00, SOL: 15.994883, Total USD: 2660.43, Total Gain USD: -2.67[39m
2024-05-25 22:57:53,320 INFO [32m[2024-05-25 22:57:53] BTC@0.00 SOL@166.33 BTC momentum: 0.00 Confidence level: 0.00 Balance USDT: 1000.00, SOL: 10.000000, Total USD: 2663.30, Total Gain USD: 0.00[39m
2024-05-25 22:57:58,481 INFO [35m[2024-05-25 22:57:58] Trade action: buy, Volume: 5.992361, Price: 166.38, New USDT Balance: 0.00, New SOL Balance: 15.992361[39m
2024-05-25 22:57:58,481 INFO [32m[2024-05-25 22:57:58] BTC@0.00 SOL@166.38 BTC momentum: 0.00 Confidence level: 0.00 Balance USDT: 0.00, SOL: 15.992361, Total USD: 2660.81, Total Gain USD: -2.49[39m
2024-05-25 22:57:58,482 INFO [32m[2024-05-25 22:57:58] BTC@69100.60 SOL@166.38 BTC momentum: 0.00 Confidence level: 0.00 Balance USDT: 0.00, SOL: 15.992361, Total USD: 2660.81, Total Gain USD: -2.49[39m
2024-05-25 22:58:04,023 INFO [35m[2024-05-25 22:58:04] Trade action: buy, Volume: 0.000000, Price: 166.38, New USDT Balance: 0.00, New SOL Balance: 15.992361[39m
2024-05-25 22:58:04,024 INFO [32m[2024-05-25 22:58:04] BTC@0.00 SOL@166.38 BTC momentum: 0.00 Confidence level: 0.00 Balance USDT: 0.00, SOL: 15.992361, Total USD: 2660.81, Total Gain USD: -2.49[39m
2024-05-25 22:58:04,024 INFO [32m[2024-05-25 22:58:04] BTC@69100.60 SOL@166.38 BTC momentum: 0.00 Confidence level: 0.00 Balance USDT: 0.00, SOL: 15.992361, Total USD: 2660.81, Total Gain USD: -2.49[39m
2024-05-25 22:58:09,139 INFO [32m[2024-05-25 22:58:09] BTC@69100.60 SOL@166.38 BTC momentum: 0.00 Confidence level: 0.00 Balance USDT: 0.00, SOL: 15.992361, Total USD: 2660.81, Total Gain USD: -2.49[39m
2024-05-25 22:58:14,226 INFO [32m[2024-05-25 22:58:14] BTC@69100.60 SOL@166.38 BTC momentum: 0.00 Confidence level: 0.00 Balance USDT: 0.00, SOL: 15.992361, Total USD: 2660.81, Total Gain USD: -2.49[39m
2024-05-25 22:58:19,327 INFO [32m[2024-05-25 22:58:19] BTC@69108.10 SOL@166.38 BTC momentum: 0.00 Confidence level: 0.00 Balance USDT: 0.00, SOL: 15.992361, Total USD: 2660.81, Total Gain USD: -2.49[39m
2024-05-25 22:58:24,406 INFO [32m[2024-05-25 22:58:24] BTC@69108.10 SOL@166.38 BTC momentum: 0.00 Confidence level: 0.00 Balance USDT: 0.00, SOL: 15.992361, Total USD: 2660.81, Total Gain USD: -2.49[39m
2024-05-25 22:58:29,588 INFO [32m[2024-05-25 22:58:29] BTC@69108.10 SOL@166.40 BTC momentum: 0.00 Confidence level: 0.00 Balance USDT: 0.00, SOL: 15.992361, Total USD: 2661.13, Total Gain USD: -2.17[39m
2024-05-25 22:58:33,975 INFO [32m[2024-05-25 22:58:33] BTC@0.00 SOL@166.40 BTC momentum: 0.00 Confidence level: 0.00 Balance USDT: 1000.00, SOL: 10.000000, Total USD: 2664.00, Total Gain USD: 0.00[39m
2024-05-25 22:58:39,063 INFO [35m[2024-05-25 22:58:39] Trade action: buy, Volume: 5.991640, Price: 166.4, New USDT Balance: 0.00, New SOL Balance: 15.991640[39m
2024-05-25 22:58:39,064 INFO [32m[2024-05-25 22:58:39] BTC@0.00 SOL@166.40 BTC momentum: 0.00 Confidence level: 0.00 Balance USDT: 0.00, SOL: 15.991640, Total USD: 2661.01, Total Gain USD: -2.99[39m
2024-05-25 22:58:39,065 INFO [32m[2024-05-25 22:58:39] BTC@69108.10 SOL@166.40 BTC momentum: 0.00 Confidence level: 0.00 Balance USDT: 0.00, SOL: 15.991640, Total USD: 2661.01, Total Gain USD: -2.99[39m
2024-05-25 22:58:44,168 INFO [32m[2024-05-25 22:58:44] BTC@69108.10 SOL@166.50 BTC momentum: 0.00 Confidence level: 0.00 Balance USDT: 0.00, SOL: 15.991640, Total USD: 2662.61, Total Gain USD: -1.39[39m
2024-05-25 22:58:49,319 INFO [32m[2024-05-25 22:58:49] BTC@69108.10 SOL@166.50 BTC momentum: 0.00 Confidence level: 0.00 Balance USDT: 0.00, SOL: 15.991640, Total USD: 2662.61, Total Gain USD: -1.39[39m
2024-05-25 22:58:54,482 INFO [32m[2024-05-25 22:58:54] BTC@69108.10 SOL@166.50 BTC momentum: 0.00 Confidence level: 0.00 Balance USDT: 0.00, SOL: 15.991640, Total USD: 2662.61, Total Gain USD: -1.39[39m
2024-05-25 22:58:59,571 INFO [32m[2024-05-25 22:58:59] BTC@69108.10 SOL@166.50 BTC momentum: 0.00 Confidence level: 0.00 Balance USDT: 0.00, SOL: 15.991640, Total USD: 2662.61, Total Gain USD: -1.39[39m
2024-05-25 22:59:05,108 INFO [32m[2024-05-25 22:59:05] BTC@69108.10 SOL@166.50 BTC momentum: 0.00 Confidence level: 0.00 Balance USDT: 0.00, SOL: 15.991640, Total USD: 2662.61, Total Gain USD: -1.39[39m
2024-05-25 22:59:10,204 INFO [32m[2024-05-25 22:59:10] BTC@69108.10 SOL@166.50 BTC momentum: 0.00 Confidence level: 0.00 Balance USDT: 0.00, SOL: 15.991640, Total USD: 2662.61, Total Gain USD: -1.39[39m
2024-05-25 22:59:15,341 INFO [32m[2024-05-25 22:59:15] BTC@69108.00 SOL@166.50 BTC momentum: 0.00 Confidence level: 0.00 Balance USDT: 0.00, SOL: 15.991640, Total USD: 2662.61, Total Gain USD: -1.39[39m
2024-05-25 22:59:20,453 INFO [32m[2024-05-25 22:59:20] BTC@69108.00 SOL@166.53 BTC momentum: 0.00 Confidence level: 0.00 Balance USDT: 0.00, SOL: 15.991640, Total USD: 2663.09, Total Gain USD: -0.91[39m
2024-05-25 22:59:25,549 INFO [32m[2024-05-25 22:59:25] BTC@69108.00 SOL@166.53 BTC momentum: 0.00 Confidence level: 0.00 Balance USDT: 0.00, SOL: 15.991640, Total USD: 2663.09, Total Gain USD: -0.91[39m
2024-05-25 22:59:30,652 INFO [32m[2024-05-25 22:59:30] BTC@69108.10 SOL@166.53 BTC momentum: 0.00 Confidence level: 0.00 Balance USDT: 0.00, SOL: 15.991640, Total USD: 2663.09, Total Gain USD: -0.91[39m
2024-05-25 22:59:33,980 INFO [32m[2024-05-25 22:59:33] BTC@69108.10 SOL@166.53 BTC momentum: 0.00 Confidence level: 0.00 Balance USDT: 0.00, SOL: 15.991640, Total USD: 2663.09, Total Gain USD: -0.91[39m
2024-05-25 22:59:35,759 INFO [32m[2024-05-25 22:59:35] BTC@69108.10 SOL@166.53 BTC momentum: 0.00 Confidence level: 0.00 Balance USDT: 0.00, SOL: 15.991640, Total USD: 2663.09, Total Gain USD: -0.91[39m
2024-05-25 22:59:40,848 INFO [32m[2024-05-25 22:59:40] BTC@69108.10 SOL@166.53 BTC momentum: 0.00 Confidence level: 0.00 Balance USDT: 0.00, SOL: 15.991640, Total USD: 2663.09, Total Gain USD: -0.91[39m
2024-05-25 22:59:45,970 INFO [32m[2024-05-25 22:59:45] BTC@69108.10 SOL@166.53 BTC momentum: 0.00 Confidence level: 0.00 Balance USDT: 0.00, SOL: 15.991640, Total USD: 2663.09, Total Gain USD: -0.91[39m
2024-05-25 22:59:51,168 INFO [32m[2024-05-25 22:59:51] BTC@69108.10 SOL@166.53 BTC momentum: 0.00 Confidence level: 0.00 Balance USDT: 0.00, SOL: 15.991640, Total USD: 2663.09, Total Gain USD: -0.91[39m
2024-05-25 22:59:56,272 INFO [32m[2024-05-25 22:59:56] BTC@69108.10 SOL@166.53 BTC momentum: 0.00 Confidence level: 0.00 Balance USDT: 0.00, SOL: 15.991640, Total USD: 2663.09, Total Gain USD: -0.91[39m
2024-05-25 23:00:01,861 INFO [32m[2024-05-25 23:00:01] BTC@69108.10 SOL@166.53 BTC momentum: 0.00 Confidence level: 0.00 Balance USDT: 0.00, SOL: 15.991640, Total USD: 2663.09, Total Gain USD: -0.91[39m
2024-05-25 23:00:06,949 INFO [32m[2024-05-25 23:00:06] BTC@69108.10 SOL@166.53 BTC momentum: 0.00 Confidence level: 0.00 Balance USDT: 0.00, SOL: 15.991640, Total USD: 2663.09, Total Gain USD: -0.91[39m
2024-05-25 23:00:12,043 INFO [32m[2024-05-25 23:00:12] BTC@69127.00 SOL@166.53 BTC momentum: 0.00 Confidence level: 0.00 Balance USDT: 0.00, SOL: 15.991640, Total USD: 2663.09, Total Gain USD: -0.91[39m
2024-05-25 23:00:17,152 INFO [32m[2024-05-25 23:00:17] BTC@69127.00 SOL@166.53 BTC momentum: 0.00 Confidence level: 0.00 Balance USDT: 0.00, SOL: 15.991640, Total USD: 2663.09, Total Gain USD: -0.91[39m
2024-05-25 23:00:22,247 INFO [32m[2024-05-25 23:00:22] BTC@69127.00 SOL@166.53 BTC momentum: 0.00 Confidence level: 0.00 Balance USDT: 0.00, SOL: 15.991640, Total USD: 2663.09, Total Gain USD: -0.91[39m
2024-05-25 23:00:27,351 INFO [32m[2024-05-25 23:00:27] BTC@69127.00 SOL@166.53 BTC momentum: 0.00 Confidence level: 0.00 Balance USDT: 0.00, SOL: 15.991640, Total USD: 2663.09, Total Gain USD: -0.91[39m
2024-05-25 23:00:33,255 INFO [32m[2024-05-25 23:00:33] SOL@166.60 Balance USDT: 1000.00, SOL: 10.000000, Total USD: 2666.00, Total Gain USD: 0.00[39m
2024-05-25 23:00:38,326 INFO [35m[2024-05-25 23:00:38] Trade action: buy, Volume: 5.984448, Price: 166.6, New USDT Balance: 0.00, New SOL Balance: 15.984448[39m
2024-05-25 23:00:38,326 INFO [32m[2024-05-25 23:00:38] SOL@166.60 Balance USDT: 0.00, SOL: 15.984448, Total USD: 2663.01, Total Gain USD: -2.99[39m
2024-05-25 23:00:38,327 INFO [32m[2024-05-25 23:00:38] SOL@166.60 Balance USDT: 0.00, SOL: 15.984448, Total USD: 2663.01, Total Gain USD: -2.99[39m
2024-05-25 23:00:43,437 INFO [35m[2024-05-25 23:00:43] Trade action: buy, Volume: 0.000000, Price: 166.6, New USDT Balance: 0.00, New SOL Balance: 15.984448[39m
2024-05-25 23:00:43,437 INFO [32m[2024-05-25 23:00:43] SOL@166.60 Balance USDT: 0.00, SOL: 15.984448, Total USD: 2663.01, Total Gain USD: -2.99[39m
2024-05-25 23:00:43,438 INFO [32m[2024-05-25 23:00:43] SOL@166.60 Balance USDT: 0.00, SOL: 15.984448, Total USD: 2663.01, Total Gain USD: -2.99[39m
2024-05-25 23:00:48,553 INFO [35m[2024-05-25 23:00:48] Trade action: buy, Volume: 0.000000, Price: 166.6, New USDT Balance: 0.00, New SOL Balance: 15.984448[39m
2024-05-25 23:00:48,554 INFO [32m[2024-05-25 23:00:48] SOL@166.60 Balance USDT: 0.00, SOL: 15.984448, Total USD: 2663.01, Total Gain USD: -2.99[39m
2024-05-25 23:00:48,555 INFO [32m[2024-05-25 23:00:48] SOL@166.60 Balance USDT: 0.00, SOL: 15.984448, Total USD: 2663.01, Total Gain USD: -2.99[39m
2024-05-25 23:00:53,656 INFO [35m[2024-05-25 23:00:53] Trade action: buy, Volume: 0.000000, Price: 166.6, New USDT Balance: 0.00, New SOL Balance: 15.984448[39m
2024-05-25 23:00:53,656 INFO [32m[2024-05-25 23:00:53] SOL@166.60 Balance USDT: 0.00, SOL: 15.984448, Total USD: 2663.01, Total Gain USD: -2.99[39m
2024-05-25 23:00:53,657 INFO [32m[2024-05-25 23:00:53] SOL@166.60 Balance USDT: 0.00, SOL: 15.984448, Total USD: 2663.01, Total Gain USD: -2.99[39m
2024-05-25 23:00:58,742 INFO [35m[2024-05-25 23:00:58] Trade action: buy, Volume: 0.000000, Price: 166.6, New USDT Balance: 0.00, New SOL Balance: 15.984448[39m
2024-05-25 23:00:58,743 INFO [32m[2024-05-25 23:00:58] SOL@166.60 Balance USDT: 0.00, SOL: 15.984448, Total USD: 2663.01, Total Gain USD: -2.99[39m
2024-05-25 23:00:58,743 INFO [32m[2024-05-25 23:00:58] SOL@166.60 Balance USDT: 0.00, SOL: 15.984448, Total USD: 2663.01, Total Gain USD: -2.99[39m
2024-05-25 23:01:04,205 INFO [35m[2024-05-25 23:01:04] Trade action: buy, Volume: 0.000000, Price: 166.6, New USDT Balance: 0.00, New SOL Balance: 15.984448[39m
2024-05-25 23:01:04,205 INFO [32m[2024-05-25 23:01:04] SOL@166.60 Balance USDT: 0.00, SOL: 15.984448, Total USD: 2663.01, Total Gain USD: -2.99[39m
2024-05-25 23:01:04,205 INFO [32m[2024-05-25 23:01:04] SOL@166.60 Balance USDT: 0.00, SOL: 15.984448, Total USD: 2663.01, Total Gain USD: -2.99[39m
2024-05-25 23:01:09,338 INFO [35m[2024-05-25 23:01:09] Trade action: buy, Volume: 0.000000, Price: 166.6, New USDT Balance: 0.00, New SOL Balance: 15.984448[39m
2024-05-25 23:01:09,338 INFO [32m[2024-05-25 23:01:09] SOL@166.60 Balance USDT: 0.00, SOL: 15.984448, Total USD: 2663.01, Total Gain USD: -2.99[39m
2024-05-25 23:01:09,339 INFO [32m[2024-05-25 23:01:09] SOL@166.60 Balance USDT: 0.00, SOL: 15.984448, Total USD: 2663.01, Total Gain USD: -2.99[39m
2024-05-25 23:01:14,439 INFO [35m[2024-05-25 23:01:14] Trade action: buy, Volume: 0.000000, Price: 166.6, New USDT Balance: 0.00, New SOL Balance: 15.984448[39m
2024-05-25 23:01:14,439 INFO [32m[2024-05-25 23:01:14] SOL@166.60 Balance USDT: 0.00, SOL: 15.984448, Total USD: 2663.01, Total Gain USD: -2.99[39m
2024-05-25 23:01:14,440 INFO [32m[2024-05-25 23:01:14] SOL@166.60 Balance USDT: 0.00, SOL: 15.984448, Total USD: 2663.01, Total Gain USD: -2.99[39m
2024-05-25 23:01:19,524 INFO [35m[2024-05-25 23:01:19] Trade action: buy, Volume: 0.000000, Price: 166.59, New USDT Balance: 0.00, New SOL Balance: 15.984448[39m
2024-05-25 23:01:19,524 INFO [32m[2024-05-25 23:01:19] SOL@166.59 Balance USDT: 0.00, SOL: 15.984448, Total USD: 2662.85, Total Gain USD: -3.15[39m
2024-05-25 23:01:19,525 INFO [32m[2024-05-25 23:01:19] SOL@166.59 Balance USDT: 0.00, SOL: 15.984448, Total USD: 2662.85, Total Gain USD: -3.15[39m
2024-05-25 23:01:24,619 INFO [32m[2024-05-25 23:01:24] SOL@166.59 Balance USDT: 0.00, SOL: 15.984448, Total USD: 2662.85, Total Gain USD: -3.15[39m
2024-05-25 23:01:29,846 INFO [32m[2024-05-25 23:01:29] SOL@166.57 Balance USDT: 0.00, SOL: 15.984448, Total USD: 2662.53, Total Gain USD: -3.47[39m
2024-05-25 23:01:33,265 INFO [32m[2024-05-25 23:01:33] SOL@166.57 Balance USDT: 0.00, SOL: 15.984448, Total USD: 2662.53, Total Gain USD: -3.47[39m
2024-05-25 23:01:34,937 INFO [32m[2024-05-25 23:01:34] SOL@166.57 Balance USDT: 0.00, SOL: 15.984448, Total USD: 2662.53, Total Gain USD: -3.47[39m
2024-05-25 23:01:40,091 INFO [32m[2024-05-25 23:01:40] SOL@166.57 Balance USDT: 0.00, SOL: 15.984448, Total USD: 2662.53, Total Gain USD: -3.47[39m
2024-05-25 23:01:45,185 INFO [32m[2024-05-25 23:01:45] SOL@166.57 Balance USDT: 0.00, SOL: 15.984448, Total USD: 2662.53, Total Gain USD: -3.47[39m
2024-05-25 23:01:50,267 INFO [32m[2024-05-25 23:01:50] SOL@166.57 Balance USDT: 0.00, SOL: 15.984448, Total USD: 2662.53, Total Gain USD: -3.47[39m
2024-05-25 23:01:55,363 INFO [32m[2024-05-25 23:01:55] SOL@166.57 Balance USDT: 0.00, SOL: 15.984448, Total USD: 2662.53, Total Gain USD: -3.47[39m
2024-05-25 23:02:00,715 INFO [32m[2024-05-25 23:02:00] SOL@166.57 Balance USDT: 0.00, SOL: 15.984448, Total USD: 2662.53, Total Gain USD: -3.47[39m
2024-05-25 23:02:05,994 INFO [32m[2024-05-25 23:02:05] SOL@166.57 Balance USDT: 0.00, SOL: 15.984448, Total USD: 2662.53, Total Gain USD: -3.47[39m
2024-05-25 23:02:11,072 INFO [32m[2024-05-25 23:02:11] SOL@166.59 Balance USDT: 0.00, SOL: 15.984448, Total USD: 2662.85, Total Gain USD: -3.15[39m
2024-05-25 23:02:16,190 INFO [32m[2024-05-25 23:02:16] SOL@166.59 Balance USDT: 0.00, SOL: 15.984448, Total USD: 2662.85, Total Gain USD: -3.15[39m
2024-05-25 23:02:19,851 INFO [32m[2024-05-25 23:02:19] SOL@166.59 Balance USDT: 1000.00, SOL: 10.000000, Total USD: 2665.90, Total Gain USD: 0.00[39m
2024-05-25 23:02:24,948 INFO [35m[2024-05-25 23:02:24] Trade action: buy, Volume: 5.984807, Price: 166.59, New USDT Balance: 0.00, New SOL Balance: 15.984807[39m
2024-05-25 23:02:24,949 INFO [32m[2024-05-25 23:02:24] SOL@166.59 Balance USDT: 0.00, SOL: 15.984807, Total USD: 2662.91, Total Gain USD: -2.99[39m
2024-05-25 23:02:24,950 INFO [32m[2024-05-25 23:02:24] SOL@166.59 Balance USDT: 0.00, SOL: 15.984807, Total USD: 2662.91, Total Gain USD: -2.99[39m
2024-05-25 23:02:30,075 INFO [35m[2024-05-25 23:02:30] Trade action: buy, Volume: 0.000000, Price: 166.59, New USDT Balance: 0.00, New SOL Balance: 15.984807[39m
2024-05-25 23:02:30,075 INFO [32m[2024-05-25 23:02:30] SOL@166.59 Balance USDT: 0.00, SOL: 15.984807, Total USD: 2662.91, Total Gain USD: -2.99[39m
2024-05-25 23:02:30,076 INFO [32m[2024-05-25 23:02:30] SOL@166.59 Balance USDT: 0.00, SOL: 15.984807, Total USD: 2662.91, Total Gain USD: -2.99[39m
2024-05-25 23:02:35,184 INFO [32m[2024-05-25 23:02:35] SOL@166.59 Balance USDT: 0.00, SOL: 15.984807, Total USD: 2662.91, Total Gain USD: -2.99[39m
2024-05-25 23:02:40,295 INFO [32m[2024-05-25 23:02:40] SOL@166.59 Balance USDT: 0.00, SOL: 15.984807, Total USD: 2662.91, Total Gain USD: -2.99[39m
2024-05-25 23:02:45,391 INFO [32m[2024-05-25 23:02:45] SOL@166.59 Balance USDT: 0.00, SOL: 15.984807, Total USD: 2662.91, Total Gain USD: -2.99[39m
2024-05-25 23:02:50,471 INFO [32m[2024-05-25 23:02:50] SOL@166.46 Balance USDT: 0.00, SOL: 15.984807, Total USD: 2660.83, Total Gain USD: -5.07[39m
2024-05-25 23:02:55,621 INFO [32m[2024-05-25 23:02:55] SOL@166.46 Balance USDT: 0.00, SOL: 15.984807, Total USD: 2660.83, Total Gain USD: -5.07[39m
2024-05-25 23:03:00,947 INFO [32m[2024-05-25 23:03:00] SOL@166.46 Balance USDT: 0.00, SOL: 15.984807, Total USD: 2660.83, Total Gain USD: -5.07[39m
2024-05-25 23:03:06,200 INFO [32m[2024-05-25 23:03:06] SOL@166.46 Balance USDT: 0.00, SOL: 15.984807, Total USD: 2660.83, Total Gain USD: -5.07[39m
2024-05-25 23:03:11,372 INFO [32m[2024-05-25 23:03:11] SOL@166.41 Balance USDT: 0.00, SOL: 15.984807, Total USD: 2660.03, Total Gain USD: -5.87[39m
2024-05-25 23:03:16,640 INFO [32m[2024-05-25 23:03:16] SOL@166.41 Balance USDT: 0.00, SOL: 15.984807, Total USD: 2660.03, Total Gain USD: -5.87[39m
2024-05-25 23:03:19,860 INFO [32m[2024-05-25 23:03:19] SOL@166.41 Balance USDT: 0.00, SOL: 15.984807, Total USD: 2660.03, Total Gain USD: -5.87[39m
2024-05-25 23:03:21,744 INFO [32m[2024-05-25 23:03:21] SOL@166.41 Balance USDT: 0.00, SOL: 15.984807, Total USD: 2660.03, Total Gain USD: -5.87[39m
2024-05-25 23:03:26,898 INFO [32m[2024-05-25 23:03:26] SOL@166.41 Balance USDT: 0.00, SOL: 15.984807, Total USD: 2660.03, Total Gain USD: -5.87[39m
2024-05-25 23:03:32,063 INFO [32m[2024-05-25 23:03:32] SOL@166.41 Balance USDT: 0.00, SOL: 15.984807, Total USD: 2660.03, Total Gain USD: -5.87[39m
2024-05-25 23:03:37,156 INFO [32m[2024-05-25 23:03:37] SOL@166.41 Balance USDT: 0.00, SOL: 15.984807, Total USD: 2660.03, Total Gain USD: -5.87[39m
2024-05-25 23:03:42,246 INFO [32m[2024-05-25 23:03:42] SOL@166.41 Balance USDT: 0.00, SOL: 15.984807, Total USD: 2660.03, Total Gain USD: -5.87[39m
2024-05-25 23:03:45,396 INFO [32m[2024-05-25 23:03:45] SOL@166.41 Balance USDT: 1000.00, SOL: 10.000000, Total USD: 2664.10, Total Gain USD: 0.00[39m
2024-05-25 23:03:50,488 INFO [35m[2024-05-25 23:03:50] Trade action: buy, Volume: 5.991280, Price: 166.41, New USDT Balance: 0.00, New SOL Balance: 15.991280[39m
2024-05-25 23:03:50,490 INFO [32m[2024-05-25 23:03:50] SOL@166.41 Balance USDT: 0.00, SOL: 15.991280, Total USD: 2661.11, Total Gain USD: -2.99[39m
2024-05-25 23:03:50,490 INFO [32m[2024-05-25 23:03:50] SOL@166.41 Balance USDT: 0.00, SOL: 15.991280, Total USD: 2661.11, Total Gain USD: -2.99[39m
2024-05-25 23:03:55,585 INFO [32m[2024-05-25 23:03:55] SOL@166.41 Balance USDT: 0.00, SOL: 15.991280, Total USD: 2661.11, Total Gain USD: -2.99[39m
2024-05-25 23:04:00,959 INFO [32m[2024-05-25 23:04:00] SOL@166.41 Balance USDT: 0.00, SOL: 15.991280, Total USD: 2661.11, Total Gain USD: -2.99[39m
2024-05-25 23:04:06,212 INFO [32m[2024-05-25 23:04:06] SOL@166.40 Balance USDT: 0.00, SOL: 15.991280, Total USD: 2660.95, Total Gain USD: -3.15[39m
2024-05-25 23:04:11,307 INFO [32m[2024-05-25 23:04:11] SOL@166.40 Balance USDT: 0.00, SOL: 15.991280, Total USD: 2660.95, Total Gain USD: -3.15[39m
2024-05-25 23:04:16,392 INFO [32m[2024-05-25 23:04:16] SOL@166.40 Balance USDT: 0.00, SOL: 15.991280, Total USD: 2660.95, Total Gain USD: -3.15[39m
2024-05-25 23:04:21,501 INFO [32m[2024-05-25 23:04:21] SOL@166.40 Balance USDT: 0.00, SOL: 15.991280, Total USD: 2660.95, Total Gain USD: -3.15[39m
2024-05-25 23:04:26,576 INFO [32m[2024-05-25 23:04:26] SOL@166.40 Balance USDT: 0.00, SOL: 15.991280, Total USD: 2660.95, Total Gain USD: -3.15[39m
2024-05-25 23:04:31,666 INFO [32m[2024-05-25 23:04:31] SOL@166.40 Balance USDT: 0.00, SOL: 15.991280, Total USD: 2660.95, Total Gain USD: -3.15[39m
2024-05-25 23:04:36,753 INFO [32m[2024-05-25 23:04:36] SOL@166.40 Balance USDT: 0.00, SOL: 15.991280, Total USD: 2660.95, Total Gain USD: -3.15[39m
2024-05-25 23:04:41,968 INFO [32m[2024-05-25 23:04:41] SOL@166.40 Balance USDT: 0.00, SOL: 15.991280, Total USD: 2660.95, Total Gain USD: -3.15[39m
2024-05-25 23:04:45,412 INFO [32m[2024-05-25 23:04:45] SOL@166.40 Balance USDT: 0.00, SOL: 15.991280, Total USD: 2660.95, Total Gain USD: -3.15[39m
2024-05-25 23:04:47,056 INFO [32m[2024-05-25 23:04:47] SOL@166.40 Balance USDT: 0.00, SOL: 15.991280, Total USD: 2660.95, Total Gain USD: -3.15[39m
2024-05-25 23:04:52,288 INFO [32m[2024-05-25 23:04:52] SOL@166.40 Balance USDT: 0.00, SOL: 15.991280, Total USD: 2660.95, Total Gain USD: -3.15[39m
2024-05-25 23:04:57,413 INFO [32m[2024-05-25 23:04:57] SOL@166.40 Balance USDT: 0.00, SOL: 15.991280, Total USD: 2660.95, Total Gain USD: -3.15[39m
2024-05-25 23:05:02,730 INFO [32m[2024-05-25 23:05:02] SOL@166.40 Balance USDT: 0.00, SOL: 15.991280, Total USD: 2660.95, Total Gain USD: -3.15[39m
2024-05-25 23:05:07,979 INFO [32m[2024-05-25 23:05:07] SOL@166.40 Balance USDT: 0.00, SOL: 15.991280, Total USD: 2660.95, Total Gain USD: -3.15[39m
2024-05-25 23:05:13,129 INFO [32m[2024-05-25 23:05:13] SOL@166.40 Balance USDT: 0.00, SOL: 15.991280, Total USD: 2660.95, Total Gain USD: -3.15[39m
2024-05-25 23:05:18,231 INFO [32m[2024-05-25 23:05:18] SOL@166.40 Balance USDT: 0.00, SOL: 15.991280, Total USD: 2660.95, Total Gain USD: -3.15[39m
2024-05-25 23:05:23,319 INFO [32m[2024-05-25 23:05:23] SOL@166.40 Balance USDT: 0.00, SOL: 15.991280, Total USD: 2660.95, Total Gain USD: -3.15[39m
2024-05-25 23:05:27,678 INFO [32m[2024-05-25 23:05:27] SOL@166.40 Balance USDT: 1000.00, SOL: 10.000000, Total USD: 2664.00, Total Gain USD: 0.00[39m
2024-05-25 23:05:32,797 INFO [35m[2024-05-25 23:05:32] Trade action: buy, Volume: 5.987682, Price: 166.51, New USDT Balance: 0.00, New SOL Balance: 15.987682[39m
2024-05-25 23:05:32,798 INFO [32m[2024-05-25 23:05:32] SOL@166.51 Balance USDT: 0.00, SOL: 15.987682, Total USD: 2662.11, Total Gain USD: -1.89[39m
2024-05-25 23:05:32,798 INFO [32m[2024-05-25 23:05:32] SOL@166.51 Balance USDT: 0.00, SOL: 15.987682, Total USD: 2662.11, Total Gain USD: -1.89[39m
2024-05-25 23:05:37,902 INFO [35m[2024-05-25 23:05:37] Trade action: buy, Volume: 0.000000, Price: 166.51, New USDT Balance: 0.00, New SOL Balance: 15.987682[39m
2024-05-25 23:05:37,902 INFO [32m[2024-05-25 23:05:37] SOL@166.51 Balance USDT: 0.00, SOL: 15.987682, Total USD: 2662.11, Total Gain USD: -1.89[39m
2024-05-25 23:05:37,903 INFO [32m[2024-05-25 23:05:37] SOL@166.51 Balance USDT: 0.00, SOL: 15.987682, Total USD: 2662.11, Total Gain USD: -1.89[39m
2024-05-25 23:05:42,985 INFO [35m[2024-05-25 23:05:42] Trade action: buy, Volume: 0.000000, Price: 166.51, New USDT Balance: 0.00, New SOL Balance: 15.987682[39m
2024-05-25 23:05:42,985 INFO [32m[2024-05-25 23:05:42] SOL@166.51 Balance USDT: 0.00, SOL: 15.987682, Total USD: 2662.11, Total Gain USD: -1.89[39m
2024-05-25 23:05:42,985 INFO [32m[2024-05-25 23:05:42] SOL@166.51 Balance USDT: 0.00, SOL: 15.987682, Total USD: 2662.11, Total Gain USD: -1.89[39m
2024-05-25 23:05:48,070 INFO [35m[2024-05-25 23:05:48] Trade action: buy, Volume: 0.000000, Price: 166.51, New USDT Balance: 0.00, New SOL Balance: 15.987682[39m
2024-05-25 23:05:48,070 INFO [32m[2024-05-25 23:05:48] SOL@166.51 Balance USDT: 0.00, SOL: 15.987682, Total USD: 2662.11, Total Gain USD: -1.89[39m
2024-05-25 23:05:48,070 INFO [32m[2024-05-25 23:05:48] SOL@166.51 Balance USDT: 0.00, SOL: 15.987682, Total USD: 2662.11, Total Gain USD: -1.89[39m
2024-05-25 23:05:53,153 INFO [35m[2024-05-25 23:05:53] Trade action: buy, Volume: 0.000000, Price: 166.51, New USDT Balance: 0.00, New SOL Balance: 15.987682[39m
2024-05-25 23:05:53,153 INFO [32m[2024-05-25 23:05:53] SOL@166.51 Balance USDT: 0.00, SOL: 15.987682, Total USD: 2662.11, Total Gain USD: -1.89[39m
2024-05-25 23:05:53,153 INFO [32m[2024-05-25 23:05:53] SOL@166.51 Balance USDT: 0.00, SOL: 15.987682, Total USD: 2662.11, Total Gain USD: -1.89[39m
2024-05-25 23:05:58,235 INFO [35m[2024-05-25 23:05:58] Trade action: buy, Volume: 0.000000, Price: 166.51, New USDT Balance: 0.00, New SOL Balance: 15.987682[39m
2024-05-25 23:05:58,235 INFO [32m[2024-05-25 23:05:58] SOL@166.51 Balance USDT: 0.00, SOL: 15.987682, Total USD: 2662.11, Total Gain USD: -1.89[39m
2024-05-25 23:05:58,235 INFO [32m[2024-05-25 23:05:58] SOL@166.51 Balance USDT: 0.00, SOL: 15.987682, Total USD: 2662.11, Total Gain USD: -1.89[39m
2024-05-25 23:06:03,499 INFO [35m[2024-05-25 23:06:03] Trade action: buy, Volume: 0.000000, Price: 166.45, New USDT Balance: 0.00, New SOL Balance: 15.987682[39m
2024-05-25 23:06:03,499 INFO [32m[2024-05-25 23:06:03] SOL@166.45 Balance USDT: 0.00, SOL: 15.987682, Total USD: 2661.15, Total Gain USD: -2.85[39m
2024-05-25 23:06:03,499 INFO [32m[2024-05-25 23:06:03] SOL@166.45 Balance USDT: 0.00, SOL: 15.987682, Total USD: 2661.15, Total Gain USD: -2.85[39m
2024-05-25 23:06:08,743 INFO [35m[2024-05-25 23:06:08] Trade action: buy, Volume: 0.000000, Price: 166.45, New USDT Balance: 0.00, New SOL Balance: 15.987682[39m
2024-05-25 23:06:08,743 INFO [32m[2024-05-25 23:06:08] SOL@166.45 Balance USDT: 0.00, SOL: 15.987682, Total USD: 2661.15, Total Gain USD: -2.85[39m
2024-05-25 23:06:08,743 INFO [32m[2024-05-25 23:06:08] SOL@166.45 Balance USDT: 0.00, SOL: 15.987682, Total USD: 2661.15, Total Gain USD: -2.85[39m
2024-05-25 23:06:13,834 INFO [35m[2024-05-25 23:06:13] Trade action: buy, Volume: 0.000000, Price: 166.45, New USDT Balance: 0.00, New SOL Balance: 15.987682[39m
2024-05-25 23:06:13,834 INFO [32m[2024-05-25 23:06:13] SOL@166.45 Balance USDT: 0.00, SOL: 15.987682, Total USD: 2661.15, Total Gain USD: -2.85[39m
2024-05-25 23:06:13,834 INFO [32m[2024-05-25 23:06:13] SOL@166.45 Balance USDT: 0.00, SOL: 15.987682, Total USD: 2661.15, Total Gain USD: -2.85[39m
2024-05-25 23:06:19,034 INFO [35m[2024-05-25 23:06:19] Trade action: buy, Volume: 0.000000, Price: 166.45, New USDT Balance: 0.00, New SOL Balance: 15.987682[39m
2024-05-25 23:06:19,034 INFO [32m[2024-05-25 23:06:19] SOL@166.45 Balance USDT: 0.00, SOL: 15.987682, Total USD: 2661.15, Total Gain USD: -2.85[39m
2024-05-25 23:06:19,034 INFO [32m[2024-05-25 23:06:19] SOL@166.45 Balance USDT: 0.00, SOL: 15.987682, Total USD: 2661.15, Total Gain USD: -2.85[39m
2024-05-25 23:06:24,155 INFO [35m[2024-05-25 23:06:24] Trade action: buy, Volume: 0.000000, Price: 166.45, New USDT Balance: 0.00, New SOL Balance: 15.987682[39m
2024-05-25 23:06:24,155 INFO [32m[2024-05-25 23:06:24] SOL@166.45 Balance USDT: 0.00, SOL: 15.987682, Total USD: 2661.15, Total Gain USD: -2.85[39m
2024-05-25 23:06:24,156 INFO [32m[2024-05-25 23:06:24] SOL@166.45 Balance USDT: 0.00, SOL: 15.987682, Total USD: 2661.15, Total Gain USD: -2.85[39m
2024-05-25 23:06:27,682 INFO [32m[2024-05-25 23:06:27] SOL@166.45 Balance USDT: 0.00, SOL: 15.987682, Total USD: 2661.15, Total Gain USD: -2.85[39m
2024-05-25 23:06:29,250 INFO [35m[2024-05-25 23:06:29] Trade action: buy, Volume: 0.000000, Price: 166.45, New USDT Balance: 0.00, New SOL Balance: 15.987682[39m
2024-05-25 23:06:29,250 INFO [32m[2024-05-25 23:06:29] SOL@166.45 Balance USDT: 0.00, SOL: 15.987682, Total USD: 2661.15, Total Gain USD: -2.85[39m
2024-05-25 23:06:29,250 INFO [32m[2024-05-25 23:06:29] SOL@166.45 Balance USDT: 0.00, SOL: 15.987682, Total USD: 2661.15, Total Gain USD: -2.85[39m
2024-05-25 23:06:35,331 INFO [32m[2024-05-25 23:06:35] SOL@166.45 Balance USDT: 1000.00, SOL: 10.000000, Total USD: 2664.50, Total Gain USD: 0.00[39m
2024-05-25 23:06:40,419 INFO [35m[2024-05-25 23:06:40] Trade action: buy, Volume: 5.989841, Price: 166.45, New USDT Balance: 0.00, New SOL Balance: 15.989841[39m
2024-05-25 23:06:40,420 INFO [32m[2024-05-25 23:06:40] SOL@166.45 Balance USDT: 0.00, SOL: 15.989841, Total USD: 2661.51, Total Gain USD: -2.99[39m
2024-05-25 23:06:45,591 INFO [35m[2024-05-25 23:06:45] Trade action: buy, Volume: 0.000000, Price: 166.45, New USDT Balance: 0.00, New SOL Balance: 15.989841[39m
2024-05-25 23:06:45,592 INFO [32m[2024-05-25 23:06:45] SOL@166.45 Balance USDT: 0.00, SOL: 15.989841, Total USD: 2661.51, Total Gain USD: -2.99[39m
2024-05-25 23:06:50,732 INFO [35m[2024-05-25 23:06:50] Trade action: buy, Volume: 0.000000, Price: 166.45, New USDT Balance: 0.00, New SOL Balance: 15.989841[39m
2024-05-25 23:06:50,733 INFO [32m[2024-05-25 23:06:50] SOL@166.45 Balance USDT: 0.00, SOL: 15.989841, Total USD: 2661.51, Total Gain USD: -2.99[39m
2024-05-25 23:06:55,819 INFO [35m[2024-05-25 23:06:55] Trade action: buy, Volume: 0.000000, Price: 166.49, New USDT Balance: 0.00, New SOL Balance: 15.989841[39m
2024-05-25 23:06:55,819 INFO [32m[2024-05-25 23:06:55] SOL@166.49 Balance USDT: 0.00, SOL: 15.989841, Total USD: 2662.15, Total Gain USD: -2.35[39m
2024-05-25 23:07:01,146 INFO [32m[2024-05-25 23:07:01] SOL@166.49 Balance USDT: 0.00, SOL: 15.989841, Total USD: 2662.15, Total Gain USD: -2.35[39m
